###############################################################################
#
# IAR ANSI C/C++ Compiler V8.40.1.212/W32 for ARM         10/Oct/2021  16:21:12
# Copyright 1999-2019 IAR Systems AB.
#
#    Cpu mode     =  
#    Endian       =  little
#    Source file  =
#        D:\proj\velograph\snail\stm32_snail\step_axis_dima\src\board\zzzz.c
#    Command line =
#        -f C:\Users\vova\AppData\Local\Temp\EWF367.tmp
#        (D:\proj\velograph\snail\stm32_snail\step_axis_dima\src\board\zzzz.c
#        -D VECT_TAB_FLASH -D IAR_ARM_CM3 -D DIMA_BRD -D STEP_X -D STM32F205xx
#        -lcN
#        D:\proj\velograph\snail\stm32_snail\step_axis_dima\step_x_dbg\List
#        --diag_suppress Pa082,pe191 -o
#        D:\proj\velograph\snail\stm32_snail\step_axis_dima\step_x_dbg\Obj
#        --no_cse --no_unroll --no_inline --no_code_motion --no_tbaa
#        --no_clustering --no_scheduling --debug --endian=little
#        --cpu=Cortex-M3 -e --fpu=None --dlib_config "C:\Program Files
#        (x86)\IAR Systems\Embedded Workbench 8.3\arm\inc\c\DLib_Config_Full.h"
#        -I D:\proj\velograph\snail\stm32_snail\step_axis_dima\.\ -I
#        D:\proj\velograph\snail\stm32_snail\step_axis_dima\src\board\ -I
#        D:\proj\velograph\snail\stm32_snail\step_axis_dima\..\common\freertos\source\inc\
#        -I D:\proj\velograph\snail\stm32_snail\step_axis_dima\src\inc\ -I
#        D:\proj\velograph\snail\stm32_snail\step_axis_dima\..\common\freertos\source\port\ARM_CM3\
#        -I
#        D:\proj\velograph\snail\stm32_snail\step_axis_dima\..\common\libraries\STM32F2xx_StdPeriph_Driver\inc\
#        -I
#        D:\proj\velograph\snail\stm32_snail\step_axis_dima\..\common\libraries\STM32F2xx_StdPeriph_Driver\
#        -I D:\proj\velograph\snail\stm32_snail\step_axis_dima\..\common\dbg\
#        -I
#        D:\proj\velograph\snail\stm32_snail\step_axis_dima\..\common\usb\drv\inc\
#        -On --use_c++_inline -I "C:\Program Files (x86)\IAR Systems\Embedded
#        Workbench 8.3\arm\CMSIS\Core\Include\" -I "C:\Program Files (x86)\IAR
#        Systems\Embedded Workbench 8.3\arm\CMSIS\DSP\Include\")
#    Locale       =  C
#    List file    =
#        D:\proj\velograph\snail\stm32_snail\step_axis_dima\step_x_dbg\List\zzzz.lst
#    Object file  =
#        D:\proj\velograph\snail\stm32_snail\step_axis_dima\step_x_dbg\Obj\zzzz.o
#
###############################################################################

D:\proj\velograph\snail\stm32_snail\step_axis_dima\src\board\zzzz.c
      1          #include "FreeRTOS.h"
      2          #include "queue.h"
      3          #include "semphr.h"
      4          
      5          ////#include "stm32f2xx_gpio.h"
      6          #include "board.h"
      7          
      8          ////#define TEST_PIN ZSTP_PIN
      9          ////#define TEST_PIN_GPIO ZSTP_PIN_GPIO
     10          
     11          void  put_tst_pin(uint8_t idat)
     12          {
     13          #if 1  
     14          if(idat&0x1)
     15            {
     16            GPIO_SetBits(TST3_PIN_GPIO, TST3_PIN);
     17             GPIO_SetBits(TST2_PIN_GPIO, TST2_PIN);
     18            ////GPIO_SetBits(TST7_PIN_GPIO, TST7_PIN);
     19            }
     20          else
     21            {
     22             GPIO_ResetBits(TST3_PIN_GPIO, TST3_PIN);
     23             GPIO_ResetBits(TST2_PIN_GPIO, TST2_PIN);
     24             ////GPIO_ResetBits(TST7_PIN_GPIO, TST7_PIN);
     25            }
     26          #endif 
     27          }
     28          ////==============================================================
     29          volatile uint8_t sys_rt_exec_state;   // Global realtime executor bitflag variable for state management. See EXEC bitmasks.
     30          
     31          void system_set_exec_state_flag(uint8_t flag) {
     32          ///  __disable_irq();
     33            sys_rt_exec_state |= (flag);
     34          ///  __enable_irq();
     35          }

   Maximum stack usage in bytes:

   .cstack Function
   ------- --------
       8   put_tst_pin
         8   -> GPIO_ResetBits
         8   -> GPIO_SetBits
       0   system_set_exec_state_flag


   Section sizes:

   Bytes  Function/Label
   -----  --------------
       4  ??DataTable1
       4  ??DataTable1_1
       4  ??DataTable1_2
      44  put_tst_pin
       1  sys_rt_exec_state
      10  system_set_exec_state_flag

 
  1 byte  in section .bss
 66 bytes in section .text
 
 66 bytes of CODE memory
  1 byte  of DATA memory

Errors: none
Warnings: none
