   1              		.syntax unified
   2              		.cpu cortex-m3
   3              		.fpu softvfp
   4              		.eabi_attribute 20, 1
   5              		.eabi_attribute 21, 1
   6              		.eabi_attribute 23, 3
   7              		.eabi_attribute 24, 1
   8              		.eabi_attribute 25, 1
   9              		.eabi_attribute 26, 1
  10              		.eabi_attribute 30, 6
  11              		.eabi_attribute 18, 4
  12              		.thumb
  13              		.file	"system_stm32f2xx.c"
  23              	.Ltext0:
  24              		.file 1 "../system/system_stm32f2xx.c"
 23371              		.align	2
 23374              	SystemCoreClock:
 23375 0000 000E2707 		.word	120000000
 23376              		.global	AHBPrescTable
 23377              		.align	2
 23380              	AHBPrescTable:
 23381 0004 00       		.byte	0
 23382 0005 00       		.byte	0
 23383 0006 00       		.byte	0
 23384 0007 00       		.byte	0
 23385 0008 00       		.byte	0
 23386 0009 00       		.byte	0
 23387 000a 00       		.byte	0
 23388 000b 00       		.byte	0
 23389 000c 01       		.byte	1
 23390 000d 02       		.byte	2
 23391 000e 03       		.byte	3
 23392 000f 04       		.byte	4
 23393 0010 06       		.byte	6
 23394 0011 07       		.byte	7
 23395 0012 08       		.byte	8
 23396 0013 09       		.byte	9
 23397              		.text
 23398              		.align	2
 23399              		.global	SystemInit
 23400              		.thumb
 23401              		.thumb_func
 23403              	SystemInit:
 23404              	.LFB29:
   1:../system/system_stm32f2xx.c **** /**
   2:../system/system_stm32f2xx.c ****   ******************************************************************************
   3:../system/system_stm32f2xx.c ****   * @file    system_stm32f2xx.c
   4:../system/system_stm32f2xx.c ****   * @author  MCD Application Team
   5:../system/system_stm32f2xx.c ****   * @version V1.0.0
   6:../system/system_stm32f2xx.c ****   * @date    18-April-2011
   7:../system/system_stm32f2xx.c ****   * @brief   CMSIS Cortex-M3 Device Peripheral Access Layer System Source File.
   8:../system/system_stm32f2xx.c ****   *          This file contains the system clock configuration for STM32F2xx devices,
   9:../system/system_stm32f2xx.c ****   *          and is generated by the clock configuration tool
  10:../system/system_stm32f2xx.c ****   *          "STM32f2xx_Clock_Configuration_V1.0.0.xls"
  11:../system/system_stm32f2xx.c ****   *             
  12:../system/system_stm32f2xx.c ****   * 1.  This file provides two functions and one global variable to be called from 
  13:../system/system_stm32f2xx.c ****   *     user application:
  14:../system/system_stm32f2xx.c ****   *      - SystemInit(): Setups the system clock (System clock source, PLL Multiplier
  15:../system/system_stm32f2xx.c ****   *                      and Divider factors, AHB/APBx prescalers and Flash settings),
  16:../system/system_stm32f2xx.c ****   *                      depending on the configuration made in the clock xls tool. 
  17:../system/system_stm32f2xx.c ****   *                      This function is called at startup just after reset and 
  18:../system/system_stm32f2xx.c ****   *                      before branch to main program. This call is made inside
  19:../system/system_stm32f2xx.c ****   *                      the "startup_stm32f2xx.s" file.
  20:../system/system_stm32f2xx.c ****   *
  21:../system/system_stm32f2xx.c ****   *      - SystemCoreClock variable: Contains the core clock (HCLK), it can be used
  22:../system/system_stm32f2xx.c ****   *                                  by the user application to setup the SysTick 
  23:../system/system_stm32f2xx.c ****   *                                  timer or configure other parameters.
  24:../system/system_stm32f2xx.c ****   *                                     
  25:../system/system_stm32f2xx.c ****   *      - SystemCoreClockUpdate(): Updates the variable SystemCoreClock and must
  26:../system/system_stm32f2xx.c ****   *                                 be called whenever the core clock is changed
  27:../system/system_stm32f2xx.c ****   *                                 during program execution.
  28:../system/system_stm32f2xx.c ****   *
  29:../system/system_stm32f2xx.c ****   * 2. After each device reset the HSI (16 MHz) is used as system clock source.
  30:../system/system_stm32f2xx.c ****   *    Then SystemInit() function is called, in "startup_stm32f2xx.s" file, to
  31:../system/system_stm32f2xx.c ****   *    configure the system clock before to branch to main program.
  32:../system/system_stm32f2xx.c ****   *
  33:../system/system_stm32f2xx.c ****   * 3. If the system clock source selected by user fails to startup, the SystemInit()
  34:../system/system_stm32f2xx.c ****   *    function will do nothing and HSI still used as system clock source. User can 
  35:../system/system_stm32f2xx.c ****   *    add some code to deal with this issue inside the SetSysClock() function.
  36:../system/system_stm32f2xx.c ****   *
  37:../system/system_stm32f2xx.c ****   * 4. The default value of HSE crystal is set to 25MHz, refer to "HSE_VALUE" define
  38:../system/system_stm32f2xx.c ****   *    in "stm32f2xx.h" file. When HSE is used as system clock source, directly or
  39:../system/system_stm32f2xx.c ****   *    through PLL, and you are using different crystal you have to adapt the HSE
  40:../system/system_stm32f2xx.c ****   *    value to your own configuration.
  41:../system/system_stm32f2xx.c ****   *
  42:../system/system_stm32f2xx.c ****   * 5. This file configures the system clock as follows:
  43:../system/system_stm32f2xx.c ****   *=============================================================================
  44:../system/system_stm32f2xx.c ****   *=============================================================================
  45:../system/system_stm32f2xx.c ****   *        Supported STM32F2xx device revision    | Rev B and Y
  46:../system/system_stm32f2xx.c ****   *-----------------------------------------------------------------------------
  47:../system/system_stm32f2xx.c ****   *        System Clock source                    | PLL (HSE)
  48:../system/system_stm32f2xx.c ****   *-----------------------------------------------------------------------------
  49:../system/system_stm32f2xx.c ****   *        SYSCLK(Hz)                             | 120000000
  50:../system/system_stm32f2xx.c ****   *-----------------------------------------------------------------------------
  51:../system/system_stm32f2xx.c ****   *        HCLK(Hz)                               | 120000000
  52:../system/system_stm32f2xx.c ****   *-----------------------------------------------------------------------------
  53:../system/system_stm32f2xx.c ****   *        AHB Prescaler                          | 1
  54:../system/system_stm32f2xx.c ****   *-----------------------------------------------------------------------------
  55:../system/system_stm32f2xx.c ****   *        APB1 Prescaler                         | 4
  56:../system/system_stm32f2xx.c ****   *-----------------------------------------------------------------------------
  57:../system/system_stm32f2xx.c ****   *        APB2 Prescaler                         | 2
  58:../system/system_stm32f2xx.c ****   *-----------------------------------------------------------------------------
  59:../system/system_stm32f2xx.c ****   *        HSE Frequency(Hz)                      | 25000000
  60:../system/system_stm32f2xx.c ****   *-----------------------------------------------------------------------------
  61:../system/system_stm32f2xx.c ****   *        PLL_M                                  | 25
  62:../system/system_stm32f2xx.c ****   *-----------------------------------------------------------------------------
  63:../system/system_stm32f2xx.c ****   *        PLL_N                                  | 240
  64:../system/system_stm32f2xx.c ****   *-----------------------------------------------------------------------------
  65:../system/system_stm32f2xx.c ****   *        PLL_P                                  | 2
  66:../system/system_stm32f2xx.c ****   *-----------------------------------------------------------------------------
  67:../system/system_stm32f2xx.c ****   *        PLL_Q                                  | 5
  68:../system/system_stm32f2xx.c ****   *-----------------------------------------------------------------------------
  69:../system/system_stm32f2xx.c ****   *        PLLI2S_N                               | NA
  70:../system/system_stm32f2xx.c ****   *-----------------------------------------------------------------------------
  71:../system/system_stm32f2xx.c ****   *        PLLI2S_R                               | NA
  72:../system/system_stm32f2xx.c ****   *-----------------------------------------------------------------------------
  73:../system/system_stm32f2xx.c ****   *        I2S input clock                        | NA
  74:../system/system_stm32f2xx.c ****   *-----------------------------------------------------------------------------
  75:../system/system_stm32f2xx.c ****   *        VDD(V)                                 | 3.3
  76:../system/system_stm32f2xx.c ****   *-----------------------------------------------------------------------------
  77:../system/system_stm32f2xx.c ****   *        Flash Latency(WS)                      | 3
  78:../system/system_stm32f2xx.c ****   *-----------------------------------------------------------------------------
  79:../system/system_stm32f2xx.c ****   *        Prefetch Buffer                        | ON
  80:../system/system_stm32f2xx.c ****   *-----------------------------------------------------------------------------
  81:../system/system_stm32f2xx.c ****   *        Instruction cache                      | ON
  82:../system/system_stm32f2xx.c ****   *-----------------------------------------------------------------------------
  83:../system/system_stm32f2xx.c ****   *        Data cache                             | ON
  84:../system/system_stm32f2xx.c ****   *-----------------------------------------------------------------------------
  85:../system/system_stm32f2xx.c ****   *        Require 48MHz for USB OTG FS,          | Enabled
  86:../system/system_stm32f2xx.c ****   *        SDIO and RNG clock                     |
  87:../system/system_stm32f2xx.c ****   *-----------------------------------------------------------------------------
  88:../system/system_stm32f2xx.c ****   *=============================================================================
  89:../system/system_stm32f2xx.c ****   ****************************************************************************** 
  90:../system/system_stm32f2xx.c ****   * @attention
  91:../system/system_stm32f2xx.c ****   *
  92:../system/system_stm32f2xx.c ****   * THE PRESENT FIRMWARE WHICH IS FOR GUIDANCE ONLY AIMS AT PROVIDING CUSTOMERS
  93:../system/system_stm32f2xx.c ****   * WITH CODING INFORMATION REGARDING THEIR PRODUCTS IN ORDER FOR THEM TO SAVE
  94:../system/system_stm32f2xx.c ****   * TIME. AS A RESULT, STMICROELECTRONICS SHALL NOT BE HELD LIABLE FOR ANY
  95:../system/system_stm32f2xx.c ****   * DIRECT, INDIRECT OR CONSEQUENTIAL DAMAGES WITH RESPECT TO ANY CLAIMS ARISING
  96:../system/system_stm32f2xx.c ****   * FROM THE CONTENT OF SUCH FIRMWARE AND/OR THE USE MADE BY CUSTOMERS OF THE
  97:../system/system_stm32f2xx.c ****   * CODING INFORMATION CONTAINED HEREIN IN CONNECTION WITH THEIR PRODUCTS.
  98:../system/system_stm32f2xx.c ****   *
  99:../system/system_stm32f2xx.c ****   * <h2><center>&copy; COPYRIGHT 2011 STMicroelectronics</center></h2>
 100:../system/system_stm32f2xx.c ****   ******************************************************************************  
 101:../system/system_stm32f2xx.c ****   */
 102:../system/system_stm32f2xx.c **** 
 103:../system/system_stm32f2xx.c **** /** @addtogroup CMSIS
 104:../system/system_stm32f2xx.c ****   * @{
 105:../system/system_stm32f2xx.c ****   */
 106:../system/system_stm32f2xx.c **** 
 107:../system/system_stm32f2xx.c **** /** @addtogroup stm32f2xx_system
 108:../system/system_stm32f2xx.c ****   * @{
 109:../system/system_stm32f2xx.c ****   */  
 110:../system/system_stm32f2xx.c ****   
 111:../system/system_stm32f2xx.c **** /** @addtogroup STM32F2xx_System_Private_Includes
 112:../system/system_stm32f2xx.c ****   * @{
 113:../system/system_stm32f2xx.c ****   */
 114:../system/system_stm32f2xx.c **** 
 115:../system/system_stm32f2xx.c **** #include "stm32f2xx.h"
 116:../system/system_stm32f2xx.c **** 
 117:../system/system_stm32f2xx.c **** /**
 118:../system/system_stm32f2xx.c ****   * @}
 119:../system/system_stm32f2xx.c ****   */
 120:../system/system_stm32f2xx.c **** 
 121:../system/system_stm32f2xx.c **** /** @addtogroup STM32F2xx_System_Private_TypesDefinitions
 122:../system/system_stm32f2xx.c ****   * @{
 123:../system/system_stm32f2xx.c ****   */
 124:../system/system_stm32f2xx.c **** 
 125:../system/system_stm32f2xx.c **** /**
 126:../system/system_stm32f2xx.c ****   * @}
 127:../system/system_stm32f2xx.c ****   */
 128:../system/system_stm32f2xx.c **** 
 129:../system/system_stm32f2xx.c **** /** @addtogroup STM32F2xx_System_Private_Defines
 130:../system/system_stm32f2xx.c ****   * @{
 131:../system/system_stm32f2xx.c ****   */
 132:../system/system_stm32f2xx.c **** 
 133:../system/system_stm32f2xx.c **** /*!< Uncomment the following line if you need to use external SRAM mounted
 134:../system/system_stm32f2xx.c ****      on STM322xG_EVAL board as data memory  */
 135:../system/system_stm32f2xx.c **** /* #define DATA_IN_ExtSRAM */
 136:../system/system_stm32f2xx.c **** 
 137:../system/system_stm32f2xx.c **** /*!< Uncomment the following line if you need to relocate your vector Table in
 138:../system/system_stm32f2xx.c ****      Internal SRAM. */
 139:../system/system_stm32f2xx.c **** /* #define VECT_TAB_SRAM */
 140:../system/system_stm32f2xx.c **** #define VECT_TAB_OFFSET  0x00 /*!< Vector Table base offset field. 
 141:../system/system_stm32f2xx.c ****                                    This value must be a multiple of 0x200. */
 142:../system/system_stm32f2xx.c **** 
 143:../system/system_stm32f2xx.c **** 
 144:../system/system_stm32f2xx.c **** /* PLL_VCO = (HSE_VALUE or HSI_VALUE / PLL_M) * PLL_N */
 145:../system/system_stm32f2xx.c **** #define PLL_M      25
 146:../system/system_stm32f2xx.c **** #define PLL_N      240
 147:../system/system_stm32f2xx.c **** 
 148:../system/system_stm32f2xx.c **** /* SYSCLK = PLL_VCO / PLL_P */
 149:../system/system_stm32f2xx.c **** #define PLL_P      2
 150:../system/system_stm32f2xx.c **** 
 151:../system/system_stm32f2xx.c **** /* USB OTG FS, SDIO and RNG Clock =  PLL_VCO / PLLQ */
 152:../system/system_stm32f2xx.c **** #define PLL_Q      5
 153:../system/system_stm32f2xx.c **** 
 154:../system/system_stm32f2xx.c **** /**
 155:../system/system_stm32f2xx.c ****   * @}
 156:../system/system_stm32f2xx.c ****   */
 157:../system/system_stm32f2xx.c **** 
 158:../system/system_stm32f2xx.c **** /** @addtogroup STM32F2xx_System_Private_Macros
 159:../system/system_stm32f2xx.c ****   * @{
 160:../system/system_stm32f2xx.c ****   */
 161:../system/system_stm32f2xx.c **** 
 162:../system/system_stm32f2xx.c **** /**
 163:../system/system_stm32f2xx.c ****   * @}
 164:../system/system_stm32f2xx.c ****   */
 165:../system/system_stm32f2xx.c **** 
 166:../system/system_stm32f2xx.c **** /** @addtogroup STM32F2xx_System_Private_Variables
 167:../system/system_stm32f2xx.c ****   * @{
 168:../system/system_stm32f2xx.c ****   */
 169:../system/system_stm32f2xx.c **** 
 170:../system/system_stm32f2xx.c ****   uint32_t SystemCoreClock = 120000000;
 171:../system/system_stm32f2xx.c **** 
 172:../system/system_stm32f2xx.c ****   __I uint8_t AHBPrescTable[16] = {0, 0, 0, 0, 0, 0, 0, 0, 1, 2, 3, 4, 6, 7, 8, 9};
 173:../system/system_stm32f2xx.c **** 
 174:../system/system_stm32f2xx.c **** /**
 175:../system/system_stm32f2xx.c ****   * @}
 176:../system/system_stm32f2xx.c ****   */
 177:../system/system_stm32f2xx.c **** 
 178:../system/system_stm32f2xx.c **** /** @addtogroup STM32F2xx_System_Private_FunctionPrototypes
 179:../system/system_stm32f2xx.c ****   * @{
 180:../system/system_stm32f2xx.c ****   */
 181:../system/system_stm32f2xx.c **** 
 182:../system/system_stm32f2xx.c **** static void SetSysClock(void);
 183:../system/system_stm32f2xx.c **** #ifdef DATA_IN_ExtSRAM
 184:../system/system_stm32f2xx.c ****   static void SystemInit_ExtMemCtl(void); 
 185:../system/system_stm32f2xx.c **** #endif /* DATA_IN_ExtSRAM */
 186:../system/system_stm32f2xx.c **** 
 187:../system/system_stm32f2xx.c **** /**
 188:../system/system_stm32f2xx.c ****   * @}
 189:../system/system_stm32f2xx.c ****   */
 190:../system/system_stm32f2xx.c **** 
 191:../system/system_stm32f2xx.c **** /** @addtogroup STM32F2xx_System_Private_Functions
 192:../system/system_stm32f2xx.c ****   * @{
 193:../system/system_stm32f2xx.c ****   */
 194:../system/system_stm32f2xx.c **** 
 195:../system/system_stm32f2xx.c **** /**
 196:../system/system_stm32f2xx.c ****   * @brief  Setup the microcontroller system
 197:../system/system_stm32f2xx.c ****   *         Initialize the Embedded Flash Interface, the PLL and update the 
 198:../system/system_stm32f2xx.c ****   *         SystemFrequency variable.
 199:../system/system_stm32f2xx.c ****   * @param  None
 200:../system/system_stm32f2xx.c ****   * @retval None
 201:../system/system_stm32f2xx.c ****   */
 202:../system/system_stm32f2xx.c **** void SystemInit(void)
 203:../system/system_stm32f2xx.c **** {
 23405              		.loc 1 203 0
 23406              		.cfi_startproc
 23407              		@ args = 0, pretend = 0, frame = 0
 23408              		@ frame_needed = 1, uses_anonymous_args = 0
 23409 0000 80B5     		push	{r7, lr}
 23410              	.LCFI0:
 23411              		.cfi_def_cfa_offset 8
 23412 0002 00AF     		add	r7, sp, #0
 23413              		.cfi_offset 14, -4
 23414              		.cfi_offset 7, -8
 23415              	.LCFI1:
 23416              		.cfi_def_cfa_register 7
 204:../system/system_stm32f2xx.c ****   /* Reset the RCC clock configuration to the default reset state ------------*/
 205:../system/system_stm32f2xx.c ****   /* Set HSION bit */
 206:../system/system_stm32f2xx.c ****   RCC->CR |= (uint32_t)0x00000001;
 23417              		.loc 1 206 0
 23418 0004 4FF46053 		mov	r3, #14336
 23419 0008 C4F20203 		movt	r3, 16386
 23420 000c 4FF46052 		mov	r2, #14336
 23421 0010 C4F20202 		movt	r2, 16386
 23422 0014 1268     		ldr	r2, [r2, #0]
 23423 0016 42F00102 		orr	r2, r2, #1
 23424 001a 1A60     		str	r2, [r3, #0]
 207:../system/system_stm32f2xx.c **** 
 208:../system/system_stm32f2xx.c ****   /* Reset CFGR register */
 209:../system/system_stm32f2xx.c ****   RCC->CFGR = 0x00000000;
 23425              		.loc 1 209 0
 23426 001c 4FF46053 		mov	r3, #14336
 23427 0020 C4F20203 		movt	r3, 16386
 23428 0024 4FF00002 		mov	r2, #0
 23429 0028 9A60     		str	r2, [r3, #8]
 210:../system/system_stm32f2xx.c **** 
 211:../system/system_stm32f2xx.c ****   /* Reset HSEON, CSSON and PLLON bits */
 212:../system/system_stm32f2xx.c ****   RCC->CR &= (uint32_t)0xFEF6FFFF;
 23430              		.loc 1 212 0
 23431 002a 4FF46053 		mov	r3, #14336
 23432 002e C4F20203 		movt	r3, 16386
 23433 0032 4FF46052 		mov	r2, #14336
 23434 0036 C4F20202 		movt	r2, 16386
 23435 003a 1268     		ldr	r2, [r2, #0]
 23436 003c 22F08472 		bic	r2, r2, #17301504
 23437 0040 22F48032 		bic	r2, r2, #65536
 23438 0044 1A60     		str	r2, [r3, #0]
 213:../system/system_stm32f2xx.c **** 
 214:../system/system_stm32f2xx.c ****   /* Reset PLLCFGR register */
 215:../system/system_stm32f2xx.c ****   RCC->PLLCFGR = 0x24003010;
 23439              		.loc 1 215 0
 23440 0046 4FF46053 		mov	r3, #14336
 23441 004a C4F20203 		movt	r3, 16386
 23442 004e 43F21002 		movw	r2, #12304
 23443 0052 C2F20042 		movt	r2, 9216
 23444 0056 5A60     		str	r2, [r3, #4]
 216:../system/system_stm32f2xx.c **** 
 217:../system/system_stm32f2xx.c ****   /* Reset HSEBYP bit */
 218:../system/system_stm32f2xx.c ****   RCC->CR &= (uint32_t)0xFFFBFFFF;
 23445              		.loc 1 218 0
 23446 0058 4FF46053 		mov	r3, #14336
 23447 005c C4F20203 		movt	r3, 16386
 23448 0060 4FF46052 		mov	r2, #14336
 23449 0064 C4F20202 		movt	r2, 16386
 23450 0068 1268     		ldr	r2, [r2, #0]
 23451 006a 22F48022 		bic	r2, r2, #262144
 23452 006e 1A60     		str	r2, [r3, #0]
 219:../system/system_stm32f2xx.c **** 
 220:../system/system_stm32f2xx.c ****   /* Disable all interrupts */
 221:../system/system_stm32f2xx.c ****   RCC->CIR = 0x00000000;
 23453              		.loc 1 221 0
 23454 0070 4FF46053 		mov	r3, #14336
 23455 0074 C4F20203 		movt	r3, 16386
 23456 0078 4FF00002 		mov	r2, #0
 23457 007c DA60     		str	r2, [r3, #12]
 222:../system/system_stm32f2xx.c **** 
 223:../system/system_stm32f2xx.c **** #ifdef DATA_IN_ExtSRAM
 224:../system/system_stm32f2xx.c ****   SystemInit_ExtMemCtl(); 
 225:../system/system_stm32f2xx.c **** #endif /* DATA_IN_ExtSRAM */
 226:../system/system_stm32f2xx.c ****          
 227:../system/system_stm32f2xx.c ****   /* Configure the System clock source, PLL Multiplier and Divider factors, 
 228:../system/system_stm32f2xx.c ****      AHB/APBx prescalers and Flash settings ----------------------------------*/
 229:../system/system_stm32f2xx.c ****   SetSysClock();
 23458              		.loc 1 229 0
 23459 007e 00F0C3F8 		bl	SetSysClock
 230:../system/system_stm32f2xx.c **** 
 231:../system/system_stm32f2xx.c ****   /* Configure the Vector Table location add offset address ------------------*/
 232:../system/system_stm32f2xx.c **** #ifdef VECT_TAB_SRAM
 233:../system/system_stm32f2xx.c ****   SCB->VTOR = SRAM_BASE | VECT_TAB_OFFSET; /* Vector Table Relocation in Internal SRAM */
 234:../system/system_stm32f2xx.c **** #else
 235:../system/system_stm32f2xx.c ****   SCB->VTOR = FLASH_BASE | VECT_TAB_OFFSET; /* Vector Table Relocation in Internal FLASH */
 23460              		.loc 1 235 0
 23461 0082 4FF46D43 		mov	r3, #60672
 23462 0086 CEF20003 		movt	r3, 57344
 23463 008a 4FF00062 		mov	r2, #134217728
 23464 008e 9A60     		str	r2, [r3, #8]
 236:../system/system_stm32f2xx.c **** #endif
 237:../system/system_stm32f2xx.c **** }
 23465              		.loc 1 237 0
 23466 0090 BD46     		mov	sp, r7
 23467 0092 80BD     		pop	{r7, pc}
 23468              		.cfi_endproc
 23469              	.LFE29:
 23471              		.align	2
 23472              		.global	SystemCoreClockUpdate
 23473              		.thumb
 23474              		.thumb_func
 23476              	SystemCoreClockUpdate:
 23477              	.LFB30:
 238:../system/system_stm32f2xx.c **** 
 239:../system/system_stm32f2xx.c **** /**
 240:../system/system_stm32f2xx.c ****   * @brief  Update SystemCoreClock variable according to Clock Register Values.
 241:../system/system_stm32f2xx.c ****   *         The SystemCoreClock variable contains the core clock (HCLK), it can
 242:../system/system_stm32f2xx.c ****   *         be used by the user application to setup the SysTick timer or configure
 243:../system/system_stm32f2xx.c ****   *         other parameters.
 244:../system/system_stm32f2xx.c ****   *           
 245:../system/system_stm32f2xx.c ****   * @note   Each time the core clock (HCLK) changes, this function must be called
 246:../system/system_stm32f2xx.c ****   *         to update SystemCoreClock variable value. Otherwise, any configuration
 247:../system/system_stm32f2xx.c ****   *         based on this variable will be incorrect.         
 248:../system/system_stm32f2xx.c ****   *     
 249:../system/system_stm32f2xx.c ****   * @note   - The system frequency computed by this function is not the real 
 250:../system/system_stm32f2xx.c ****   *           frequency in the chip. It is calculated based on the predefined 
 251:../system/system_stm32f2xx.c ****   *           constant and the selected clock source:
 252:../system/system_stm32f2xx.c ****   *             
 253:../system/system_stm32f2xx.c ****   *           - If SYSCLK source is HSI, SystemCoreClock will contain the HSI_VALUE(*)
 254:../system/system_stm32f2xx.c ****   *                                              
 255:../system/system_stm32f2xx.c ****   *           - If SYSCLK source is HSE, SystemCoreClock will contain the HSE_VALUE(**)
 256:../system/system_stm32f2xx.c ****   *                          
 257:../system/system_stm32f2xx.c ****   *           - If SYSCLK source is PLL, SystemCoreClock will contain the HSE_VALUE(**) 
 258:../system/system_stm32f2xx.c ****   *             or HSI_VALUE(*) multiplied/divided by the PLL factors.
 259:../system/system_stm32f2xx.c ****   *         
 260:../system/system_stm32f2xx.c ****   *         (*) HSI_VALUE is a constant defined in stm32f2xx.h file (default value
 261:../system/system_stm32f2xx.c ****   *             16 MHz) but the real value may vary depending on the variations
 262:../system/system_stm32f2xx.c ****   *             in voltage and temperature.   
 263:../system/system_stm32f2xx.c ****   *    
 264:../system/system_stm32f2xx.c ****   *         (**) HSE_VALUE is a constant defined in stm32f2xx.h file (default value
 265:../system/system_stm32f2xx.c ****   *              25 MHz), user has to ensure that HSE_VALUE is same as the real
 266:../system/system_stm32f2xx.c ****   *              frequency of the crystal used. Otherwise, this function may
 267:../system/system_stm32f2xx.c ****   *              have wrong result.
 268:../system/system_stm32f2xx.c ****   *                
 269:../system/system_stm32f2xx.c ****   *         - The result of this function could be not correct when using fractional
 270:../system/system_stm32f2xx.c ****   *           value for HSE crystal.
 271:../system/system_stm32f2xx.c ****   *     
 272:../system/system_stm32f2xx.c ****   * @param  None
 273:../system/system_stm32f2xx.c ****   * @retval None
 274:../system/system_stm32f2xx.c ****   */
 275:../system/system_stm32f2xx.c **** void SystemCoreClockUpdate(void)
 276:../system/system_stm32f2xx.c **** {
 23478              		.loc 1 276 0
 23479              		.cfi_startproc
 23480              		@ args = 0, pretend = 0, frame = 24
 23481              		@ frame_needed = 1, uses_anonymous_args = 0
 23482              		@ link register save eliminated.
 23483 0094 80B4     		push	{r7}
 23484              	.LCFI2:
 23485              		.cfi_def_cfa_offset 4
 23486 0096 87B0     		sub	sp, sp, #28
 23487              	.LCFI3:
 23488              		.cfi_def_cfa_offset 32
 23489 0098 00AF     		add	r7, sp, #0
 23490              		.cfi_offset 7, -4
 23491              	.LCFI4:
 23492              		.cfi_def_cfa_register 7
 277:../system/system_stm32f2xx.c ****   uint32_t tmp = 0, pllvco = 0, pllp = 2, pllsource = 0, pllm = 2;
 23493              		.loc 1 277 0
 23494 009a 4FF00003 		mov	r3, #0
 23495 009e 3B61     		str	r3, [r7, #16]
 23496 00a0 4FF00003 		mov	r3, #0
 23497 00a4 7B61     		str	r3, [r7, #20]
 23498 00a6 4FF00203 		mov	r3, #2
 23499 00aa FB60     		str	r3, [r7, #12]
 23500 00ac 4FF00003 		mov	r3, #0
 23501 00b0 BB60     		str	r3, [r7, #8]
 23502 00b2 4FF00203 		mov	r3, #2
 23503 00b6 7B60     		str	r3, [r7, #4]
 278:../system/system_stm32f2xx.c ****   
 279:../system/system_stm32f2xx.c ****   /* Get SYSCLK source -------------------------------------------------------*/
 280:../system/system_stm32f2xx.c ****   tmp = RCC->CFGR & RCC_CFGR_SWS;
 23504              		.loc 1 280 0
 23505 00b8 4FF46053 		mov	r3, #14336
 23506 00bc C4F20203 		movt	r3, 16386
 23507 00c0 9B68     		ldr	r3, [r3, #8]
 23508 00c2 03F00C03 		and	r3, r3, #12
 23509 00c6 3B61     		str	r3, [r7, #16]
 281:../system/system_stm32f2xx.c **** 
 282:../system/system_stm32f2xx.c ****   switch (tmp)
 23510              		.loc 1 282 0
 23511 00c8 3B69     		ldr	r3, [r7, #16]
 23512 00ca 042B     		cmp	r3, #4
 23513 00cc 0DD0     		beq	.L5
 23514 00ce 082B     		cmp	r3, #8
 23515 00d0 15D0     		beq	.L6
 23516 00d2 002B     		cmp	r3, #0
 23517 00d4 6BD1     		bne	.L10
 23518              	.L4:
 283:../system/system_stm32f2xx.c ****   {
 284:../system/system_stm32f2xx.c ****     case 0x00:  /* HSI used as system clock source */
 285:../system/system_stm32f2xx.c ****       SystemCoreClock = HSI_VALUE;
 23519              		.loc 1 285 0
 23520 00d6 40F20003 		movw	r3, #:lower16:SystemCoreClock
 23521 00da C0F20003 		movt	r3, #:upper16:SystemCoreClock
 23522 00de 4FF41052 		mov	r2, #9216
 23523 00e2 C0F2F402 		movt	r2, 244
 23524 00e6 1A60     		str	r2, [r3, #0]
 286:../system/system_stm32f2xx.c ****       break;
 23525              		.loc 1 286 0
 23526 00e8 6BE0     		b	.L7
 23527              	.L5:
 287:../system/system_stm32f2xx.c ****     case 0x04:  /* HSE used as system clock source */
 288:../system/system_stm32f2xx.c ****       SystemCoreClock = HSE_VALUE;
 23528              		.loc 1 288 0
 23529 00ea 40F20003 		movw	r3, #:lower16:SystemCoreClock
 23530 00ee C0F20003 		movt	r3, #:upper16:SystemCoreClock
 23531 00f2 47F64002 		movw	r2, #30784
 23532 00f6 C0F27D12 		movt	r2, 381
 23533 00fa 1A60     		str	r2, [r3, #0]
 289:../system/system_stm32f2xx.c ****       break;
 23534              		.loc 1 289 0
 23535 00fc 61E0     		b	.L7
 23536              	.L6:
 290:../system/system_stm32f2xx.c ****     case 0x08:  /* PLL used as system clock source */
 291:../system/system_stm32f2xx.c **** 
 292:../system/system_stm32f2xx.c ****       /* PLL_VCO = (HSE_VALUE or HSI_VALUE / PLL_M) * PLL_N
 293:../system/system_stm32f2xx.c ****          SYSCLK = PLL_VCO / PLL_P
 294:../system/system_stm32f2xx.c ****          */    
 295:../system/system_stm32f2xx.c ****       pllsource = (RCC->PLLCFGR & RCC_PLLCFGR_PLLSRC) >> 22;
 23537              		.loc 1 295 0
 23538 00fe 4FF46053 		mov	r3, #14336
 23539 0102 C4F20203 		movt	r3, 16386
 23540 0106 5B68     		ldr	r3, [r3, #4]
 23541 0108 03F48003 		and	r3, r3, #4194304
 23542 010c 4FEA9353 		lsr	r3, r3, #22
 23543 0110 BB60     		str	r3, [r7, #8]
 296:../system/system_stm32f2xx.c ****       pllm = RCC->PLLCFGR & RCC_PLLCFGR_PLLM;
 23544              		.loc 1 296 0
 23545 0112 4FF46053 		mov	r3, #14336
 23546 0116 C4F20203 		movt	r3, 16386
 23547 011a 5B68     		ldr	r3, [r3, #4]
 23548 011c 03F03F03 		and	r3, r3, #63
 23549 0120 7B60     		str	r3, [r7, #4]
 297:../system/system_stm32f2xx.c ****       
 298:../system/system_stm32f2xx.c ****       if (pllsource != 0)
 23550              		.loc 1 298 0
 23551 0122 BB68     		ldr	r3, [r7, #8]
 23552 0124 002B     		cmp	r3, #0
 23553 0126 15D0     		beq	.L8
 299:../system/system_stm32f2xx.c ****       {
 300:../system/system_stm32f2xx.c ****         /* HSE used as PLL clock source */
 301:../system/system_stm32f2xx.c ****         pllvco = (HSE_VALUE / pllm) * ((RCC->PLLCFGR & RCC_PLLCFGR_PLLN) >> 6);
 23554              		.loc 1 301 0
 23555 0128 47F64003 		movw	r3, #30784
 23556 012c C0F27D13 		movt	r3, 381
 23557 0130 7A68     		ldr	r2, [r7, #4]
 23558 0132 B3FBF2F2 		udiv	r2, r3, r2
 23559 0136 4FF46053 		mov	r3, #14336
 23560 013a C4F20203 		movt	r3, 16386
 23561 013e 5968     		ldr	r1, [r3, #4]
 23562 0140 47F6C073 		movw	r3, #32704
 23563 0144 01EA0303 		and	r3, r1, r3
 23564 0148 4FEA9313 		lsr	r3, r3, #6
 23565 014c 03FB02F3 		mul	r3, r3, r2
 23566 0150 7B61     		str	r3, [r7, #20]
 23567 0152 14E0     		b	.L9
 23568              	.L8:
 302:../system/system_stm32f2xx.c ****       }
 303:../system/system_stm32f2xx.c ****       else
 304:../system/system_stm32f2xx.c ****       {
 305:../system/system_stm32f2xx.c ****         /* HSI used as PLL clock source */
 306:../system/system_stm32f2xx.c ****         pllvco = (HSI_VALUE / pllm) * ((RCC->PLLCFGR & RCC_PLLCFGR_PLLN) >> 6);      
 23569              		.loc 1 306 0
 23570 0154 4FF41053 		mov	r3, #9216
 23571 0158 C0F2F403 		movt	r3, 244
 23572 015c 7A68     		ldr	r2, [r7, #4]
 23573 015e B3FBF2F2 		udiv	r2, r3, r2
 23574 0162 4FF46053 		mov	r3, #14336
 23575 0166 C4F20203 		movt	r3, 16386
 23576 016a 5968     		ldr	r1, [r3, #4]
 23577 016c 47F6C073 		movw	r3, #32704
 23578 0170 01EA0303 		and	r3, r1, r3
 23579 0174 4FEA9313 		lsr	r3, r3, #6
 23580 0178 03FB02F3 		mul	r3, r3, r2
 23581 017c 7B61     		str	r3, [r7, #20]
 23582              	.L9:
 307:../system/system_stm32f2xx.c ****       }
 308:../system/system_stm32f2xx.c **** 
 309:../system/system_stm32f2xx.c ****       pllp = (((RCC->PLLCFGR & RCC_PLLCFGR_PLLP) >>16) + 1 ) *2;
 23583              		.loc 1 309 0
 23584 017e 4FF46053 		mov	r3, #14336
 23585 0182 C4F20203 		movt	r3, 16386
 23586 0186 5B68     		ldr	r3, [r3, #4]
 23587 0188 03F44033 		and	r3, r3, #196608
 23588 018c 4FEA1343 		lsr	r3, r3, #16
 23589 0190 03F10103 		add	r3, r3, #1
 23590 0194 4FEA4303 		lsl	r3, r3, #1
 23591 0198 FB60     		str	r3, [r7, #12]
 310:../system/system_stm32f2xx.c ****       SystemCoreClock = pllvco/pllp;
 23592              		.loc 1 310 0
 23593 019a 7A69     		ldr	r2, [r7, #20]
 23594 019c FB68     		ldr	r3, [r7, #12]
 23595 019e B2FBF3F2 		udiv	r2, r2, r3
 23596 01a2 40F20003 		movw	r3, #:lower16:SystemCoreClock
 23597 01a6 C0F20003 		movt	r3, #:upper16:SystemCoreClock
 23598 01aa 1A60     		str	r2, [r3, #0]
 311:../system/system_stm32f2xx.c ****       break;
 23599              		.loc 1 311 0
 23600 01ac 09E0     		b	.L7
 23601              	.L10:
 312:../system/system_stm32f2xx.c ****     default:
 313:../system/system_stm32f2xx.c ****       SystemCoreClock = HSI_VALUE;
 23602              		.loc 1 313 0
 23603 01ae 40F20003 		movw	r3, #:lower16:SystemCoreClock
 23604 01b2 C0F20003 		movt	r3, #:upper16:SystemCoreClock
 23605 01b6 4FF41052 		mov	r2, #9216
 23606 01ba C0F2F402 		movt	r2, 244
 23607 01be 1A60     		str	r2, [r3, #0]
 314:../system/system_stm32f2xx.c ****       break;
 23608              		.loc 1 314 0
 23609 01c0 00BF     		nop
 23610              	.L7:
 315:../system/system_stm32f2xx.c ****   }
 316:../system/system_stm32f2xx.c ****   /* Compute HCLK frequency --------------------------------------------------*/
 317:../system/system_stm32f2xx.c ****   /* Get HCLK prescaler */
 318:../system/system_stm32f2xx.c ****   tmp = AHBPrescTable[((RCC->CFGR & RCC_CFGR_HPRE) >> 4)];
 23611              		.loc 1 318 0
 23612 01c2 4FF46053 		mov	r3, #14336
 23613 01c6 C4F20203 		movt	r3, 16386
 23614 01ca 9B68     		ldr	r3, [r3, #8]
 23615 01cc 03F0F003 		and	r3, r3, #240
 23616 01d0 4FEA1312 		lsr	r2, r3, #4
 23617 01d4 40F20003 		movw	r3, #:lower16:AHBPrescTable
 23618 01d8 C0F20003 		movt	r3, #:upper16:AHBPrescTable
 23619 01dc 9B5C     		ldrb	r3, [r3, r2]
 23620 01de DBB2     		uxtb	r3, r3
 23621 01e0 3B61     		str	r3, [r7, #16]
 319:../system/system_stm32f2xx.c ****   /* HCLK frequency */
 320:../system/system_stm32f2xx.c ****   SystemCoreClock >>= tmp;
 23622              		.loc 1 320 0
 23623 01e2 40F20003 		movw	r3, #:lower16:SystemCoreClock
 23624 01e6 C0F20003 		movt	r3, #:upper16:SystemCoreClock
 23625 01ea 1A68     		ldr	r2, [r3, #0]
 23626 01ec 3B69     		ldr	r3, [r7, #16]
 23627 01ee 22FA03F2 		lsr	r2, r2, r3
 23628 01f2 40F20003 		movw	r3, #:lower16:SystemCoreClock
 23629 01f6 C0F20003 		movt	r3, #:upper16:SystemCoreClock
 23630 01fa 1A60     		str	r2, [r3, #0]
 321:../system/system_stm32f2xx.c **** }
 23631              		.loc 1 321 0
 23632 01fc 07F11C07 		add	r7, r7, #28
 23633 0200 BD46     		mov	sp, r7
 23634 0202 80BC     		pop	{r7}
 23635 0204 7047     		bx	lr
 23636              		.cfi_endproc
 23637              	.LFE30:
 23639 0206 00BF     		.align	2
 23640              		.thumb
 23641              		.thumb_func
 23643              	SetSysClock:
 23644              	.LFB31:
 322:../system/system_stm32f2xx.c **** 
 323:../system/system_stm32f2xx.c **** /**
 324:../system/system_stm32f2xx.c ****   * @brief  Configures the System clock source, PLL Multiplier and Divider factors, 
 325:../system/system_stm32f2xx.c ****   *         AHB/APBx prescalers and Flash settings
 326:../system/system_stm32f2xx.c ****   * @Note   This function should be called only once the RCC clock configuration  
 327:../system/system_stm32f2xx.c ****   *         is reset to the default reset state (done in SystemInit() function).   
 328:../system/system_stm32f2xx.c ****   * @param  None
 329:../system/system_stm32f2xx.c ****   * @retval None
 330:../system/system_stm32f2xx.c ****   */
 331:../system/system_stm32f2xx.c **** static void SetSysClock(void)
 332:../system/system_stm32f2xx.c **** {
 23645              		.loc 1 332 0
 23646              		.cfi_startproc
 23647              		@ args = 0, pretend = 0, frame = 8
 23648              		@ frame_needed = 1, uses_anonymous_args = 0
 23649              		@ link register save eliminated.
 23650 0208 80B4     		push	{r7}
 23651              	.LCFI5:
 23652              		.cfi_def_cfa_offset 4
 23653 020a 83B0     		sub	sp, sp, #12
 23654              	.LCFI6:
 23655              		.cfi_def_cfa_offset 16
 23656 020c 00AF     		add	r7, sp, #0
 23657              		.cfi_offset 7, -4
 23658              	.LCFI7:
 23659              		.cfi_def_cfa_register 7
 333:../system/system_stm32f2xx.c **** /******************************************************************************/
 334:../system/system_stm32f2xx.c **** /*            PLL (clocked by HSE) used as System clock source                */
 335:../system/system_stm32f2xx.c **** /******************************************************************************/
 336:../system/system_stm32f2xx.c ****   __IO uint32_t StartUpCounter = 0, HSEStatus = 0;
 23660              		.loc 1 336 0
 23661 020e 4FF00003 		mov	r3, #0
 23662 0212 7B60     		str	r3, [r7, #4]
 23663 0214 4FF00003 		mov	r3, #0
 23664 0218 3B60     		str	r3, [r7, #0]
 337:../system/system_stm32f2xx.c ****   
 338:../system/system_stm32f2xx.c ****   /* Enable HSE */
 339:../system/system_stm32f2xx.c ****   RCC->CR |= ((uint32_t)RCC_CR_HSEON);
 23665              		.loc 1 339 0
 23666 021a 4FF46053 		mov	r3, #14336
 23667 021e C4F20203 		movt	r3, 16386
 23668 0222 4FF46052 		mov	r2, #14336
 23669 0226 C4F20202 		movt	r2, 16386
 23670 022a 1268     		ldr	r2, [r2, #0]
 23671 022c 42F48032 		orr	r2, r2, #65536
 23672 0230 1A60     		str	r2, [r3, #0]
 23673              	.L13:
 340:../system/system_stm32f2xx.c ****  
 341:../system/system_stm32f2xx.c ****   /* Wait till HSE is ready and if Time out is reached exit */
 342:../system/system_stm32f2xx.c ****   do
 343:../system/system_stm32f2xx.c ****   {
 344:../system/system_stm32f2xx.c ****     HSEStatus = RCC->CR & RCC_CR_HSERDY;
 23674              		.loc 1 344 0 discriminator 1
 23675 0232 4FF46053 		mov	r3, #14336
 23676 0236 C4F20203 		movt	r3, 16386
 23677 023a 1B68     		ldr	r3, [r3, #0]
 23678 023c 03F40033 		and	r3, r3, #131072
 23679 0240 3B60     		str	r3, [r7, #0]
 345:../system/system_stm32f2xx.c ****     StartUpCounter++;
 23680              		.loc 1 345 0 discriminator 1
 23681 0242 7B68     		ldr	r3, [r7, #4]
 23682 0244 03F10103 		add	r3, r3, #1
 23683 0248 7B60     		str	r3, [r7, #4]
 346:../system/system_stm32f2xx.c ****   } while((HSEStatus == 0) && (StartUpCounter != HSE_STARTUP_TIMEOUT));
 23684              		.loc 1 346 0 discriminator 1
 23685 024a 3B68     		ldr	r3, [r7, #0]
 23686 024c 002B     		cmp	r3, #0
 23687 024e 03D1     		bne	.L12
 23688 0250 7B68     		ldr	r3, [r7, #4]
 23689 0252 B3F5A06F 		cmp	r3, #1280
 23690 0256 ECD1     		bne	.L13
 23691              	.L12:
 347:../system/system_stm32f2xx.c **** 
 348:../system/system_stm32f2xx.c ****   if ((RCC->CR & RCC_CR_HSERDY) != RESET)
 23692              		.loc 1 348 0
 23693 0258 4FF46053 		mov	r3, #14336
 23694 025c C4F20203 		movt	r3, 16386
 23695 0260 1B68     		ldr	r3, [r3, #0]
 23696 0262 03F40033 		and	r3, r3, #131072
 23697 0266 002B     		cmp	r3, #0
 23698 0268 03D0     		beq	.L14
 349:../system/system_stm32f2xx.c ****   {
 350:../system/system_stm32f2xx.c ****     HSEStatus = (uint32_t)0x01;
 23699              		.loc 1 350 0
 23700 026a 4FF00103 		mov	r3, #1
 23701 026e 3B60     		str	r3, [r7, #0]
 23702 0270 02E0     		b	.L15
 23703              	.L14:
 351:../system/system_stm32f2xx.c ****   }
 352:../system/system_stm32f2xx.c ****   else
 353:../system/system_stm32f2xx.c ****   {
 354:../system/system_stm32f2xx.c ****     HSEStatus = (uint32_t)0x00;
 23704              		.loc 1 354 0
 23705 0272 4FF00003 		mov	r3, #0
 23706 0276 3B60     		str	r3, [r7, #0]
 23707              	.L15:
 355:../system/system_stm32f2xx.c ****   }
 356:../system/system_stm32f2xx.c **** 
 357:../system/system_stm32f2xx.c ****   if (HSEStatus == (uint32_t)0x01)
 23708              		.loc 1 357 0
 23709 0278 3B68     		ldr	r3, [r7, #0]
 23710 027a 012B     		cmp	r3, #1
 23711 027c 69D1     		bne	.L11
 358:../system/system_stm32f2xx.c ****   {
 359:../system/system_stm32f2xx.c ****     /* HCLK = SYSCLK / 1*/
 360:../system/system_stm32f2xx.c ****     RCC->CFGR |= RCC_CFGR_HPRE_DIV1;
 23712              		.loc 1 360 0
 23713 027e 4FF46053 		mov	r3, #14336
 23714 0282 C4F20203 		movt	r3, 16386
 23715 0286 4FF46052 		mov	r2, #14336
 23716 028a C4F20202 		movt	r2, 16386
 23717 028e 9268     		ldr	r2, [r2, #8]
 23718 0290 9A60     		str	r2, [r3, #8]
 361:../system/system_stm32f2xx.c ****       
 362:../system/system_stm32f2xx.c ****     /* PCLK2 = HCLK / 2*/
 363:../system/system_stm32f2xx.c ****     RCC->CFGR |= RCC_CFGR_PPRE2_DIV2;
 23719              		.loc 1 363 0
 23720 0292 4FF46053 		mov	r3, #14336
 23721 0296 C4F20203 		movt	r3, 16386
 23722 029a 4FF46052 		mov	r2, #14336
 23723 029e C4F20202 		movt	r2, 16386
 23724 02a2 9268     		ldr	r2, [r2, #8]
 23725 02a4 42F40042 		orr	r2, r2, #32768
 23726 02a8 9A60     		str	r2, [r3, #8]
 364:../system/system_stm32f2xx.c ****     
 365:../system/system_stm32f2xx.c ****     /* PCLK1 = HCLK / 4*/
 366:../system/system_stm32f2xx.c ****     RCC->CFGR |= RCC_CFGR_PPRE1_DIV4;
 23727              		.loc 1 366 0
 23728 02aa 4FF46053 		mov	r3, #14336
 23729 02ae C4F20203 		movt	r3, 16386
 23730 02b2 4FF46052 		mov	r2, #14336
 23731 02b6 C4F20202 		movt	r2, 16386
 23732 02ba 9268     		ldr	r2, [r2, #8]
 23733 02bc 42F4A052 		orr	r2, r2, #5120
 23734 02c0 9A60     		str	r2, [r3, #8]
 367:../system/system_stm32f2xx.c **** 
 368:../system/system_stm32f2xx.c ****     /* Configure the main PLL */
 369:../system/system_stm32f2xx.c ****     RCC->PLLCFGR = PLL_M | (PLL_N << 6) | (((PLL_P >> 1) -1) << 16) |
 23735              		.loc 1 369 0
 23736 02c2 4FF46053 		mov	r3, #14336
 23737 02c6 C4F20203 		movt	r3, 16386
 23738 02ca 43F61942 		movw	r2, #15385
 23739 02ce C0F24052 		movt	r2, 1344
 23740 02d2 5A60     		str	r2, [r3, #4]
 370:../system/system_stm32f2xx.c ****                    (RCC_PLLCFGR_PLLSRC_HSE) | (PLL_Q << 24);
 371:../system/system_stm32f2xx.c **** 
 372:../system/system_stm32f2xx.c ****     /* Enable the main PLL */
 373:../system/system_stm32f2xx.c ****     RCC->CR |= RCC_CR_PLLON;
 23741              		.loc 1 373 0
 23742 02d4 4FF46053 		mov	r3, #14336
 23743 02d8 C4F20203 		movt	r3, 16386
 23744 02dc 4FF46052 		mov	r2, #14336
 23745 02e0 C4F20202 		movt	r2, 16386
 23746 02e4 1268     		ldr	r2, [r2, #0]
 23747 02e6 42F08072 		orr	r2, r2, #16777216
 23748 02ea 1A60     		str	r2, [r3, #0]
 374:../system/system_stm32f2xx.c **** 
 375:../system/system_stm32f2xx.c ****     /* Wait till the main PLL is ready */
 376:../system/system_stm32f2xx.c ****     while((RCC->CR & RCC_CR_PLLRDY) == 0)
 23749              		.loc 1 376 0
 23750 02ec 00BF     		nop
 23751              	.L17:
 23752              		.loc 1 376 0 is_stmt 0 discriminator 1
 23753 02ee 4FF46053 		mov	r3, #14336
 23754 02f2 C4F20203 		movt	r3, 16386
 23755 02f6 1B68     		ldr	r3, [r3, #0]
 23756 02f8 03F00073 		and	r3, r3, #33554432
 23757 02fc 002B     		cmp	r3, #0
 23758 02fe F6D0     		beq	.L17
 377:../system/system_stm32f2xx.c ****     {
 378:../system/system_stm32f2xx.c ****     }
 379:../system/system_stm32f2xx.c ****    
 380:../system/system_stm32f2xx.c ****     /* Configure Flash prefetch, Instruction cache, Data cache and wait state */
 381:../system/system_stm32f2xx.c ****     FLASH->ACR = FLASH_ACR_PRFTEN | FLASH_ACR_ICEN | FLASH_ACR_DCEN | FLASH_ACR_LATENCY_3WS;
 23759              		.loc 1 381 0 is_stmt 1
 23760 0300 4FF47053 		mov	r3, #15360
 23761 0304 C4F20203 		movt	r3, 16386
 23762 0308 40F20372 		movw	r2, #1795
 23763 030c 1A60     		str	r2, [r3, #0]
 382:../system/system_stm32f2xx.c **** 
 383:../system/system_stm32f2xx.c ****     /* Select the main PLL as system clock source */
 384:../system/system_stm32f2xx.c ****     RCC->CFGR &= (uint32_t)((uint32_t)~(RCC_CFGR_SW));
 23764              		.loc 1 384 0
 23765 030e 4FF46053 		mov	r3, #14336
 23766 0312 C4F20203 		movt	r3, 16386
 23767 0316 4FF46052 		mov	r2, #14336
 23768 031a C4F20202 		movt	r2, 16386
 23769 031e 9268     		ldr	r2, [r2, #8]
 23770 0320 22F00302 		bic	r2, r2, #3
 23771 0324 9A60     		str	r2, [r3, #8]
 385:../system/system_stm32f2xx.c ****     RCC->CFGR |= RCC_CFGR_SW_PLL;
 23772              		.loc 1 385 0
 23773 0326 4FF46053 		mov	r3, #14336
 23774 032a C4F20203 		movt	r3, 16386
 23775 032e 4FF46052 		mov	r2, #14336
 23776 0332 C4F20202 		movt	r2, 16386
 23777 0336 9268     		ldr	r2, [r2, #8]
 23778 0338 42F00202 		orr	r2, r2, #2
 23779 033c 9A60     		str	r2, [r3, #8]
 386:../system/system_stm32f2xx.c **** 
 387:../system/system_stm32f2xx.c ****     /* Wait till the main PLL is used as system clock source */
 388:../system/system_stm32f2xx.c ****     while ((RCC->CFGR & (uint32_t)RCC_CFGR_SWS ) != RCC_CFGR_SWS_PLL);
 23780              		.loc 1 388 0
 23781 033e 00BF     		nop
 23782              	.L18:
 23783              		.loc 1 388 0 is_stmt 0 discriminator 1
 23784 0340 4FF46053 		mov	r3, #14336
 23785 0344 C4F20203 		movt	r3, 16386
 23786 0348 9B68     		ldr	r3, [r3, #8]
 23787 034a 03F00C03 		and	r3, r3, #12
 23788 034e 082B     		cmp	r3, #8
 23789 0350 F6D1     		bne	.L18
 23790              	.L11:
 389:../system/system_stm32f2xx.c ****     {
 390:../system/system_stm32f2xx.c ****     }
 391:../system/system_stm32f2xx.c ****   }
 392:../system/system_stm32f2xx.c ****   else
 393:../system/system_stm32f2xx.c ****   { /* If HSE fails to start-up, the application will have wrong clock
 394:../system/system_stm32f2xx.c ****          configuration. User can add here some code to deal with this error */
 395:../system/system_stm32f2xx.c ****   }
 396:../system/system_stm32f2xx.c **** 
 397:../system/system_stm32f2xx.c **** }
 23791              		.loc 1 397 0 is_stmt 1
 23792 0352 07F10C07 		add	r7, r7, #12
 23793 0356 BD46     		mov	sp, r7
 23794 0358 80BC     		pop	{r7}
 23795 035a 7047     		bx	lr
 23796              		.cfi_endproc
 23797              	.LFE31:
 23799              	.Letext0:
DEFINED SYMBOLS
                            *ABS*:00000000 system_stm32f2xx.c
C:\Users\red4sch\AppData\Local\Temp\ccXLMGKr.s:23374  .data:00000000 SystemCoreClock
C:\Users\red4sch\AppData\Local\Temp\ccXLMGKr.s:23371  .data:00000000 $d
C:\Users\red4sch\AppData\Local\Temp\ccXLMGKr.s:23380  .data:00000004 AHBPrescTable
C:\Users\red4sch\AppData\Local\Temp\ccXLMGKr.s:23398  .text:00000000 $t
C:\Users\red4sch\AppData\Local\Temp\ccXLMGKr.s:23403  .text:00000000 SystemInit
C:\Users\red4sch\AppData\Local\Temp\ccXLMGKr.s:23643  .text:00000208 SetSysClock
C:\Users\red4sch\AppData\Local\Temp\ccXLMGKr.s:23476  .text:00000094 SystemCoreClockUpdate
                     .debug_frame:00000010 $d

NO UNDEFINED SYMBOLS
