###############################################################################
#
# IAR ANSI C/C++ Compiler V8.40.1.212/W32 for ARM         05/Jun/2021  19:36:00
# Copyright 1999-2019 IAR Systems AB.
#
#    Cpu mode     =  
#    Endian       =  little
#    Source file  =
#        D:\proj\velograph\snail\stm32_snail\usb_can\usb_can\src\my_grbl\can_cmds.c
#    Command line =
#        -f C:\Users\vova\AppData\Local\Temp\EW2219.tmp
#        (D:\proj\velograph\snail\stm32_snail\usb_can\usb_can\src\my_grbl\can_cmds.c
#        -D VECT_TAB_FLASH -D IAR_ARM_CM3 -D USEUSB -D MSTEP_BRD -D
#        USE_USB_OTG_FS -lcN
#        D:\proj\velograph\snail\stm32_snail\usb_can\usb_can\usb_can\List
#        --diag_suppress Pa082,pe191 -o
#        D:\proj\velograph\snail\stm32_snail\usb_can\usb_can\usb_can\Obj
#        --no_cse --no_unroll --no_inline --no_code_motion --no_tbaa
#        --no_clustering --no_scheduling --debug --endian=little
#        --cpu=Cortex-M3 -e --fpu=None --dlib_config "C:\Program Files
#        (x86)\IAR Systems\Embedded Workbench 8.3\arm\inc\c\DLib_Config_Full.h"
#        -I D:\proj\velograph\snail\stm32_snail\usb_can\usb_can\.\ -I
#        D:\proj\velograph\snail\stm32_snail\usb_can\usb_can\src\board\ -I
#        D:\proj\velograph\snail\stm32_snail\usb_can\usb_can\..\common\freertos\source\inc\
#        -I D:\proj\velograph\snail\stm32_snail\usb_can\usb_can\src\inc\ -I
#        D:\proj\velograph\snail\stm32_snail\usb_can\usb_can\..\common\freertos\source\port\ARM_CM3\
#        -I
#        D:\proj\velograph\snail\stm32_snail\usb_can\usb_can\..\common\libraries\inc\
#        -I
#        D:\proj\velograph\snail\stm32_snail\usb_can\usb_can\..\common\libraries\
#        -I D:\proj\velograph\snail\stm32_snail\usb_can\usb_can\..\common\dbg\
#        -I
#        D:\proj\velograph\snail\stm32_snail\usb_can\usb_can\..\common\libraries\STM32F2xx_StdPeriph_Driver\inc\
#        -I
#        D:\proj\velograph\snail\stm32_snail\usb_can\usb_can\..\common\libraries\STM32F2xx_StdPeriph_Driver\
#        -I
#        D:\proj\velograph\snail\stm32_snail\usb_can\usb_can\..\common\usb\core\inc\
#        -I
#        D:\proj\velograph\snail\stm32_snail\usb_can\usb_can\..\common\usb\drv\inc\
#        -I D:\proj\velograph\snail\stm32_snail\usb_can\usb_can\..\common\usb\
#        -I
#        D:\proj\velograph\snail\stm32_snail\usb_can\usb_can\..\common\usb\inc\
#        -I D:\proj\velograph\snail\stm32_snail\usb_can\usb_can\..\common\hdlc\
#        -I
#        D:\proj\velograph\snail\stm32_snail\usb_can\usb_can\..\common\usb\cdc\
#        -I D:\proj\velograph\snail\stm32_snail\usb_can\usb_can\src\my_grbl\
#        -On --use_c++_inline -I "C:\Program Files (x86)\IAR Systems\Embedded
#        Workbench 8.3\arm\CMSIS\Core\Include\" -I "C:\Program Files (x86)\IAR
#        Systems\Embedded Workbench 8.3\arm\CMSIS\DSP\Include\")
#    Locale       =  C
#    List file    =
#        D:\proj\velograph\snail\stm32_snail\usb_can\usb_can\usb_can\List\can_cmds.lst
#    Object file  =
#        D:\proj\velograph\snail\stm32_snail\usb_can\usb_can\usb_can\Obj\can_cmds.o
#
###############################################################################

D:\proj\velograph\snail\stm32_snail\usb_can\usb_can\src\my_grbl\can_cmds.c
      1          #include <stdint.h>
      2          #include "my_grbl.h"
      3          
      4          void mc_reset(void)
      5          {
      6          }

   Maximum stack usage in bytes:

   .cstack Function
   ------- --------
       0   mc_reset


   Section sizes:

   Bytes  Function/Label
   -----  --------------
       2  mc_reset

 
 2 bytes in section .text
 
 2 bytes of CODE memory

Errors: none
Warnings: none
