###############################################################################
#
# IAR ANSI C/C++ Compiler V8.40.1.212/W32 for ARM         30/May/2020  18:12:42
# Copyright 1999-2019 IAR Systems AB.
#
#    Cpu mode     =  
#    Endian       =  little
#    Source file  =
#        D:\proj\velograph\snail\stm32_snail\mstep_rtos\src\stm32f10x_vector.c
#    Command line =
#        -f C:\Users\vova\AppData\Local\Temp\EW7625.tmp
#        (D:\proj\velograph\snail\stm32_snail\mstep_rtos\src\stm32f10x_vector.c
#        -D VECT_TAB_FLASH -D IAR_ARM_CM3 -D STM32F10X_LD -D USEUSB -lcN
#        D:\proj\velograph\snail\stm32_snail\mstep_rtos\Debug\List
#        --diag_suppress Pa082,pe191 -o
#        D:\proj\velograph\snail\stm32_snail\mstep_rtos\Debug\Obj --no_cse
#        --no_unroll --no_inline --no_code_motion --no_tbaa --no_clustering
#        --no_scheduling --debug --endian=little --cpu=Cortex-M3 -e --fpu=None
#        --dlib_config "C:\Program Files (x86)\IAR Systems\Embedded Workbench
#        8.3\arm\inc\c\DLib_Config_Full.h" -I
#        D:\proj\velograph\snail\stm32_snail\mstep_rtos\.\ -I
#        D:\proj\velograph\snail\stm32_snail\mstep_rtos\src\ -I
#        D:\proj\velograph\snail\stm32_snail\mstep_rtos\src\freertos\source\inc\
#        -I
#        D:\proj\velograph\snail\stm32_snail\mstep_rtos\src\freertos\source\port\ARM_CM3\
#        -I D:\proj\velograph\snail\stm32_snail\mstep_rtos\src\SPL\inc\ -I
#        D:\proj\velograph\snail\stm32_snail\mstep_rtos\src\inc\ -I
#        D:\proj\velograph\snail\stm32_snail\mstep_rtos\src\stm_usb_fs_lib\inc\
#        -I D:\proj\velograph\snail\stm32_snail\mstep_rtos\src\usb\ -I
#        D:\proj\velograph\snail\stm32_snail\mstep_rtos\src\board\ -On
#        --use_c++_inline -I "C:\Program Files (x86)\IAR Systems\Embedded
#        Workbench 8.3\arm\CMSIS\Core\Include\" -I "C:\Program Files (x86)\IAR
#        Systems\Embedded Workbench 8.3\arm\CMSIS\DSP\Include\")
#    Locale       =  C
#    List file    =
#        D:\proj\velograph\snail\stm32_snail\mstep_rtos\Debug\List\stm32f10x_vector.lst
#    Object file  =
#        D:\proj\velograph\snail\stm32_snail\mstep_rtos\Debug\Obj\stm32f10x_vector.o
#
###############################################################################

D:\proj\velograph\snail\stm32_snail\mstep_rtos\src\stm32f10x_vector.c
      1          /******************** (C) COPYRIGHT 2007 STMicroelectronics ********************
      2          * File Name          : stm32f10x_vector.c
      3          * Author             : MCD Application Team
      4          * Date First Issued  : 02/19/2007
      5          * Description        : This file contains the vector table for STM32F10x.
      6          *                      After Reset the Cortex-M3 processor is in Thread mode,
      7          *                      priority is Privileged, and the Stack is set to Main.
      8          ********************************************************************************
      9          * History:
     10          * 04/02/2007: V0.2
     11          * 02/19/2007: V0.1
     12          ********************************************************************************
     13          * THE PRESENT SOFTWARE WHICH IS FOR GUIDANCE ONLY AIMS AT PROVIDING CUSTOMERS
     14          * WITH CODING INFORMATION REGARDING THEIR PRODUCTS IN ORDER FOR THEM TO SAVE TIME.
     15          * AS A RESULT, STMICROELECTRONICS SHALL NOT BE HELD LIABLE FOR ANY DIRECT,
     16          * INDIRECT OR CONSEQUENTIAL DAMAGES WITH RESPECT TO ANY CLAIMS ARISING FROM THE
     17          * CONTENT OF SUCH SOFTWARE AND/OR THE USE MADE BY CUSTOMERS OF THE CODING
     18          * INFORMATION CONTAINED HEREIN IN CONNECTION WITH THEIR PRODUCTS.
     19          *******************************************************************************/
     20          
     21          /* Includes ------------------------------------------------------------------*/
     22          ////#include "stm32f10x_lib.h"
     23          #include "stm32f10x_it.h"
     24          ////#include "stm32f10x_nvic.h"
     25          
     26          extern void xPortPendSVHandler( void );
     27          extern void xPortSysTickHandler( void );
     28          extern void vTimer2IntHandler( void );
     29          extern void vUARTInterruptHandler( void );
     30          extern void vPortSVCHandler( void );
     31          ////================================================
     32          extern void NMIException(void);
     33          extern void HardFaultException(void);
     34          extern void MemManageException(void);
     35          extern void BusFaultException(void);
     36          extern void UsageFaultException(void);
     37          extern void DebugMonitor(void);
     38          extern void WWDG_IRQHandler(void);
     39          extern void PVD_IRQHandler(void);
     40          extern void TAMPER_IRQHandler(void);
     41          extern void RTC_IRQHandler(void);
     42          extern void FLASH_IRQHandler(void);
     43          extern void RCC_IRQHandler(void);
     44          extern void EXTI0_IRQHandler(void);
     45          extern void EXTI1_IRQHandler(void);
     46          extern void EXTI2_IRQHandler(void);
     47          extern void EXTI3_IRQHandler(void);
     48          extern void EXTI4_IRQHandler(void);
     49          extern void DMAChannel1_IRQHandler(void);
     50          extern void DMAChannel2_IRQHandler(void);
     51          extern void DMAChannel3_IRQHandler(void);
     52          extern void DMAChannel4_IRQHandler(void);
     53          extern void DMAChannel5_IRQHandler(void);
     54          extern void DMAChannel6_IRQHandler(void);
     55          extern void DMAChannel7_IRQHandler(void);
     56          extern void ADC_IRQHandler(void);
     57          extern void USB_HP_CAN_TX_IRQHandler(void);
     58          extern void USB_LP_CAN_RX0_IRQHandler(void);
     59          extern void CAN_RX1_IRQHandler(void);
     60          extern void CAN_SCE_IRQHandler(void);
     61          extern void EXTI9_5_IRQHandler(void);
     62          extern void TIM1_BRK_IRQHandler(void);
     63          extern void TIM1_UP_IRQHandler(void);
     64          extern void TIM1_TRG_COM_IRQHandler(void);
     65          extern void TIM1_CC_IRQHandler(void);
     66          extern void TIM3_IRQHandler(void);
     67          extern void TIM4_IRQHandler(void);
     68          extern void I2C1_EV_IRQHandler(void);
     69          extern void I2C1_ER_IRQHandler(void);
     70          extern void I2C2_EV_IRQHandler(void);
     71          extern void I2C2_ER_IRQHandler(void);
     72          extern void SPI1_IRQHandler(void);
     73          extern void SPI2_IRQHandler(void);
     74          extern void USART2_IRQHandler(void);
     75          extern void USART3_IRQHandler(void);
     76          extern void EXTI15_10_IRQHandler(void);
     77          extern void RTCAlarm_IRQHandler(void);
     78          extern void USBWakeUp_IRQHandler(void);
     79          
     80          
     81          ////================================================
     82          /* Private typedef -----------------------------------------------------------*/
     83          typedef void( *intfunc )( void );
     84          typedef union { intfunc __fun; void * __ptr; } intvec_elem;
     85          
     86          /* Private define ------------------------------------------------------------*/
     87          /* Private macro -------------------------------------------------------------*/
     88          /* Private variables ---------------------------------------------------------*/
     89          /* Private function prototypes -----------------------------------------------*/
     90          /* Private functions ---------------------------------------------------------*/
     91          
     92          
     93          #pragma language=extended
     94          #pragma segment="CSTACK"
     95          
     96          void __iar_program_start( void );
     97          
     98          #pragma location = ".intvec"
     99          /* STM32F10x Vector Table entries */
    100          const intvec_elem __vector_table[] =
    101          {
    102            { .__ptr = __sfe( "CSTACK" ) },
    103            &__iar_program_start,
    104            NMIException,
    105            HardFaultException,
    106            MemManageException,
    107            BusFaultException,
    108            UsageFaultException,
    109            0, 0, 0, 0,            /* Reserved */
    110            vPortSVCHandler,
    111            DebugMonitor,
    112            0,                      /* Reserved */
    113            xPortPendSVHandler,
    114            xPortSysTickHandler,
    115            WWDG_IRQHandler,
    116            PVD_IRQHandler,
    117            TAMPER_IRQHandler,
    118            RTC_IRQHandler,
    119            FLASH_IRQHandler,
    120            RCC_IRQHandler,
    121            EXTI0_IRQHandler,
    122            EXTI1_IRQHandler,
    123            EXTI2_IRQHandler,
    124            EXTI3_IRQHandler,
    125            EXTI4_IRQHandler,
    126            DMAChannel1_IRQHandler,
    127            DMAChannel2_IRQHandler,
    128            DMAChannel3_IRQHandler,
    129            DMAChannel4_IRQHandler,
    130            DMAChannel5_IRQHandler,
    131            DMAChannel6_IRQHandler,
    132            DMAChannel7_IRQHandler,
    133            ADC_IRQHandler,
    134            USB_HP_CAN_TX_IRQHandler,
    135            USB_LP_CAN_RX0_IRQHandler,
    136            CAN_RX1_IRQHandler,
    137            CAN_SCE_IRQHandler,
    138            EXTI9_5_IRQHandler,
    139            TIM1_BRK_IRQHandler,
    140            TIM1_UP_IRQHandler,
    141            TIM1_TRG_COM_IRQHandler,
    142            TIM1_CC_IRQHandler,
    143            vTimer2IntHandler,
    144            TIM3_IRQHandler,
    145            TIM4_IRQHandler,
    146            I2C1_EV_IRQHandler,
    147            I2C1_ER_IRQHandler,
    148            I2C2_EV_IRQHandler,
    149            I2C2_ER_IRQHandler,
    150            SPI1_IRQHandler,
    151            SPI2_IRQHandler,
    152            vUARTInterruptHandler,
    153            USART2_IRQHandler,
    154            USART3_IRQHandler,
    155            EXTI15_10_IRQHandler,
    156            RTCAlarm_IRQHandler,
    157            USBWakeUp_IRQHandler,
    158          };
    159          
    160          /******************* (C) COPYRIGHT 2007 STMicroelectronics *****END OF FILE****/
    161          


   Section sizes:

   Bytes  Function/Label
   -----  --------------
     236  __vector_table

 
 236 bytes in section .intvec
 
 236 bytes of CONST memory

Errors: none
Warnings: none
