   1              		.syntax unified
   2              		.cpu cortex-m3
   3              		.fpu softvfp
   4              		.eabi_attribute 20, 1
   5              		.eabi_attribute 21, 1
   6              		.eabi_attribute 23, 3
   7              		.eabi_attribute 24, 1
   8              		.eabi_attribute 25, 1
   9              		.eabi_attribute 26, 1
  10              		.eabi_attribute 30, 6
  11              		.eabi_attribute 18, 4
  12              		.thumb
  13              		.file	"stm32f2xx_it.c"
  23              	.Ltext0:
  24              		.file 1 "../sources/stm32f2xx_it.c"
 24750              		.align	2
 24751              	rbuf:
 24752 0000 00000000 		.space	264
 24752      00000000 
 24752      00000000 
 24752      00000000 
 24752      00000000 
 24753              		.align	2
 24754              	tbuf:
 24755 0108 00000000 		.space	264
 24755      00000000 
 24755      00000000 
 24755      00000000 
 24755      00000000 
 24756              		.data
 24757              		.align	2
 24760              	tx_restart:
 24761 0000 01000000 		.word	1
 24762              		.text
 24763              		.align	2
 24764              		.global	NMI_Handler
 24765              		.thumb
 24766              		.thumb_func
 24768              	NMI_Handler:
 24769              	.LFB29:
   1:../sources/stm32f2xx_it.c **** /**
   2:../sources/stm32f2xx_it.c ****   ******************************************************************************
   3:../sources/stm32f2xx_it.c ****   * @file    USART/HyperTerminal_Interrupt/stm32f2xx_it.c 
   4:../sources/stm32f2xx_it.c ****   * @author  MCD Application Team
   5:../sources/stm32f2xx_it.c ****   * @version V1.0.0
   6:../sources/stm32f2xx_it.c ****   * @date    18-April-2011
   7:../sources/stm32f2xx_it.c ****   * @brief   Main Interrupt Service Routines.
   8:../sources/stm32f2xx_it.c ****   *          This file provides template for all exceptions handler and peripherals
   9:../sources/stm32f2xx_it.c ****   *          interrupt service routine.
  10:../sources/stm32f2xx_it.c ****   ******************************************************************************
  11:../sources/stm32f2xx_it.c ****   * @attention
  12:../sources/stm32f2xx_it.c ****   *
  13:../sources/stm32f2xx_it.c ****   * THE PRESENT FIRMWARE WHICH IS FOR GUIDANCE ONLY AIMS AT PROVIDING CUSTOMERS
  14:../sources/stm32f2xx_it.c ****   * WITH CODING INFORMATION REGARDING THEIR PRODUCTS IN ORDER FOR THEM TO SAVE
  15:../sources/stm32f2xx_it.c ****   * TIME. AS A RESULT, STMICROELECTRONICS SHALL NOT BE HELD LIABLE FOR ANY
  16:../sources/stm32f2xx_it.c ****   * DIRECT, INDIRECT OR CONSEQUENTIAL DAMAGES WITH RESPECT TO ANY CLAIMS ARISING
  17:../sources/stm32f2xx_it.c ****   * FROM THE CONTENT OF SUCH FIRMWARE AND/OR THE USE MADE BY CUSTOMERS OF THE
  18:../sources/stm32f2xx_it.c ****   * CODING INFORMATION CONTAINED HEREIN IN CONNECTION WITH THEIR PRODUCTS.
  19:../sources/stm32f2xx_it.c ****   *
  20:../sources/stm32f2xx_it.c ****   * <h2><center>&copy; COPYRIGHT 2011 STMicroelectronics</center></h2>
  21:../sources/stm32f2xx_it.c ****   ******************************************************************************
  22:../sources/stm32f2xx_it.c ****   */ 
  23:../sources/stm32f2xx_it.c **** 
  24:../sources/stm32f2xx_it.c **** /* Includes ------------------------------------------------------------------*/
  25:../sources/stm32f2xx_it.c **** #include "stm32f2xx_it.h"
  26:../sources/stm32f2xx_it.c **** #include "TE_STM32F207.h"
  27:../sources/stm32f2xx_it.c **** #include "main.h"
  28:../sources/stm32f2xx_it.c **** 
  29:../sources/stm32f2xx_it.c **** /** @addtogroup STM32F2xx_StdPeriph_Examples
  30:../sources/stm32f2xx_it.c ****   * @{
  31:../sources/stm32f2xx_it.c ****   */
  32:../sources/stm32f2xx_it.c **** 
  33:../sources/stm32f2xx_it.c **** /** @addtogroup USART_HyperTerminal_Interrupt
  34:../sources/stm32f2xx_it.c ****   * @{
  35:../sources/stm32f2xx_it.c ****   */
  36:../sources/stm32f2xx_it.c **** 
  37:../sources/stm32f2xx_it.c **** /* Private typedef -----------------------------------------------------------*/
  38:../sources/stm32f2xx_it.c **** /* Private define ------------------------------------------------------------*/
  39:../sources/stm32f2xx_it.c **** #define USARTx_IRQHANDLER   USART3_IRQHandler
  40:../sources/stm32f2xx_it.c **** 
  41:../sources/stm32f2xx_it.c **** 
  42:../sources/stm32f2xx_it.c **** /* Private macro -------------------------------------------------------------*/
  43:../sources/stm32f2xx_it.c **** #define countof(a)   (sizeof(a) / sizeof(*(a)))
  44:../sources/stm32f2xx_it.c **** 
  45:../sources/stm32f2xx_it.c **** /* Private variables ---------------------------------------------------------*/
  46:../sources/stm32f2xx_it.c **** 
  47:../sources/stm32f2xx_it.c **** struct buf_st {
  48:../sources/stm32f2xx_it.c ****   unsigned int in;                                // Next In Index
  49:../sources/stm32f2xx_it.c ****   unsigned int out;                               // Next Out Index
  50:../sources/stm32f2xx_it.c ****   char buf [RBUF_SIZE];                           // Buffer
  51:../sources/stm32f2xx_it.c **** };
  52:../sources/stm32f2xx_it.c **** 
  53:../sources/stm32f2xx_it.c **** 
  54:../sources/stm32f2xx_it.c **** static struct buf_st rbuf = { 0, 0, };
  55:../sources/stm32f2xx_it.c **** #define SIO_RBUFLEN ((unsigned short)(rbuf.in - rbuf.out))
  56:../sources/stm32f2xx_it.c **** 
  57:../sources/stm32f2xx_it.c **** static struct buf_st tbuf = { 0, 0, };
  58:../sources/stm32f2xx_it.c **** #define SIO_TBUFLEN ((unsigned short)(tbuf.in - tbuf.out))
  59:../sources/stm32f2xx_it.c **** 
  60:../sources/stm32f2xx_it.c **** static unsigned int tx_restart = 1;               // NZ if TX restart is required
  61:../sources/stm32f2xx_it.c **** 
  62:../sources/stm32f2xx_it.c **** 
  63:../sources/stm32f2xx_it.c **** /* Private function prototypes -----------------------------------------------*/
  64:../sources/stm32f2xx_it.c **** /* Private functions ---------------------------------------------------------*/
  65:../sources/stm32f2xx_it.c **** 
  66:../sources/stm32f2xx_it.c **** /******************************************************************************/
  67:../sources/stm32f2xx_it.c **** /*            Cortex-M3 Processor Exceptions Handlers                         */
  68:../sources/stm32f2xx_it.c **** /******************************************************************************/
  69:../sources/stm32f2xx_it.c **** 
  70:../sources/stm32f2xx_it.c **** /**
  71:../sources/stm32f2xx_it.c ****   * @brief  This function handles NMI exception.
  72:../sources/stm32f2xx_it.c ****   * @param  None
  73:../sources/stm32f2xx_it.c ****   * @retval None
  74:../sources/stm32f2xx_it.c ****   */
  75:../sources/stm32f2xx_it.c **** void NMI_Handler(void)
  76:../sources/stm32f2xx_it.c **** {
 24770              		.loc 1 76 0
 24771              		.cfi_startproc
 24772              		@ args = 0, pretend = 0, frame = 0
 24773              		@ frame_needed = 1, uses_anonymous_args = 0
 24774              		@ link register save eliminated.
 24775 0000 80B4     		push	{r7}
 24776              	.LCFI0:
 24777              		.cfi_def_cfa_offset 4
 24778 0002 00AF     		add	r7, sp, #0
 24779              		.cfi_offset 7, -4
 24780              	.LCFI1:
 24781              		.cfi_def_cfa_register 7
  77:../sources/stm32f2xx_it.c **** }
 24782              		.loc 1 77 0
 24783 0004 BD46     		mov	sp, r7
 24784 0006 80BC     		pop	{r7}
 24785 0008 7047     		bx	lr
 24786              		.cfi_endproc
 24787              	.LFE29:
 24789 000a 00BF     		.align	2
 24790              		.global	HardFault_Handler
 24791              		.thumb
 24792              		.thumb_func
 24794              	HardFault_Handler:
 24795              	.LFB30:
  78:../sources/stm32f2xx_it.c **** 
  79:../sources/stm32f2xx_it.c **** /**
  80:../sources/stm32f2xx_it.c ****   * @brief  This function handles Hard Fault exception.
  81:../sources/stm32f2xx_it.c ****   * @param  None
  82:../sources/stm32f2xx_it.c ****   * @retval None
  83:../sources/stm32f2xx_it.c ****   */
  84:../sources/stm32f2xx_it.c **** void HardFault_Handler(void)
  85:../sources/stm32f2xx_it.c **** {
 24796              		.loc 1 85 0
 24797              		.cfi_startproc
 24798              		@ args = 0, pretend = 0, frame = 0
 24799              		@ frame_needed = 1, uses_anonymous_args = 0
 24800              		@ link register save eliminated.
 24801 000c 80B4     		push	{r7}
 24802              	.LCFI2:
 24803              		.cfi_def_cfa_offset 4
 24804 000e 00AF     		add	r7, sp, #0
 24805              		.cfi_offset 7, -4
 24806              	.LCFI3:
 24807              		.cfi_def_cfa_register 7
 24808              	.L3:
  86:../sources/stm32f2xx_it.c ****   /* Go to infinite loop when Hard Fault exception occurs */
  87:../sources/stm32f2xx_it.c ****   while (1)
  88:../sources/stm32f2xx_it.c ****   {
  89:../sources/stm32f2xx_it.c ****   }
 24809              		.loc 1 89 0 discriminator 1
 24810 0010 FEE7     		b	.L3
 24811              		.cfi_endproc
 24812              	.LFE30:
 24814 0012 00BF     		.align	2
 24815              		.global	MemManage_Handler
 24816              		.thumb
 24817              		.thumb_func
 24819              	MemManage_Handler:
 24820              	.LFB31:
  90:../sources/stm32f2xx_it.c **** }
  91:../sources/stm32f2xx_it.c **** 
  92:../sources/stm32f2xx_it.c **** /**
  93:../sources/stm32f2xx_it.c ****   * @brief  This function handles Memory Manage exception.
  94:../sources/stm32f2xx_it.c ****   * @param  None
  95:../sources/stm32f2xx_it.c ****   * @retval None
  96:../sources/stm32f2xx_it.c ****   */
  97:../sources/stm32f2xx_it.c **** void MemManage_Handler(void)
  98:../sources/stm32f2xx_it.c **** {
 24821              		.loc 1 98 0
 24822              		.cfi_startproc
 24823              		@ args = 0, pretend = 0, frame = 0
 24824              		@ frame_needed = 1, uses_anonymous_args = 0
 24825              		@ link register save eliminated.
 24826 0014 80B4     		push	{r7}
 24827              	.LCFI4:
 24828              		.cfi_def_cfa_offset 4
 24829 0016 00AF     		add	r7, sp, #0
 24830              		.cfi_offset 7, -4
 24831              	.LCFI5:
 24832              		.cfi_def_cfa_register 7
 24833              	.L5:
  99:../sources/stm32f2xx_it.c ****   /* Go to infinite loop when Memory Manage exception occurs */
 100:../sources/stm32f2xx_it.c ****   while (1)
 101:../sources/stm32f2xx_it.c ****   {
 102:../sources/stm32f2xx_it.c ****   }
 24834              		.loc 1 102 0 discriminator 1
 24835 0018 FEE7     		b	.L5
 24836              		.cfi_endproc
 24837              	.LFE31:
 24839 001a 00BF     		.align	2
 24840              		.global	BusFault_Handler
 24841              		.thumb
 24842              		.thumb_func
 24844              	BusFault_Handler:
 24845              	.LFB32:
 103:../sources/stm32f2xx_it.c **** }
 104:../sources/stm32f2xx_it.c **** 
 105:../sources/stm32f2xx_it.c **** /**
 106:../sources/stm32f2xx_it.c ****   * @brief  This function handles Bus Fault exception.
 107:../sources/stm32f2xx_it.c ****   * @param  None
 108:../sources/stm32f2xx_it.c ****   * @retval None
 109:../sources/stm32f2xx_it.c ****   */
 110:../sources/stm32f2xx_it.c **** void BusFault_Handler(void)
 111:../sources/stm32f2xx_it.c **** {
 24846              		.loc 1 111 0
 24847              		.cfi_startproc
 24848              		@ args = 0, pretend = 0, frame = 0
 24849              		@ frame_needed = 1, uses_anonymous_args = 0
 24850              		@ link register save eliminated.
 24851 001c 80B4     		push	{r7}
 24852              	.LCFI6:
 24853              		.cfi_def_cfa_offset 4
 24854 001e 00AF     		add	r7, sp, #0
 24855              		.cfi_offset 7, -4
 24856              	.LCFI7:
 24857              		.cfi_def_cfa_register 7
 24858              	.L7:
 112:../sources/stm32f2xx_it.c ****   /* Go to infinite loop when Bus Fault exception occurs */
 113:../sources/stm32f2xx_it.c ****   while (1)
 114:../sources/stm32f2xx_it.c ****   {
 115:../sources/stm32f2xx_it.c ****   }
 24859              		.loc 1 115 0 discriminator 1
 24860 0020 FEE7     		b	.L7
 24861              		.cfi_endproc
 24862              	.LFE32:
 24864 0022 00BF     		.align	2
 24865              		.global	UsageFault_Handler
 24866              		.thumb
 24867              		.thumb_func
 24869              	UsageFault_Handler:
 24870              	.LFB33:
 116:../sources/stm32f2xx_it.c **** }
 117:../sources/stm32f2xx_it.c **** 
 118:../sources/stm32f2xx_it.c **** /**
 119:../sources/stm32f2xx_it.c ****   * @brief  This function handles Usage Fault exception.
 120:../sources/stm32f2xx_it.c ****   * @param  None
 121:../sources/stm32f2xx_it.c ****   * @retval None
 122:../sources/stm32f2xx_it.c ****   */
 123:../sources/stm32f2xx_it.c **** void UsageFault_Handler(void)
 124:../sources/stm32f2xx_it.c **** {
 24871              		.loc 1 124 0
 24872              		.cfi_startproc
 24873              		@ args = 0, pretend = 0, frame = 0
 24874              		@ frame_needed = 1, uses_anonymous_args = 0
 24875              		@ link register save eliminated.
 24876 0024 80B4     		push	{r7}
 24877              	.LCFI8:
 24878              		.cfi_def_cfa_offset 4
 24879 0026 00AF     		add	r7, sp, #0
 24880              		.cfi_offset 7, -4
 24881              	.LCFI9:
 24882              		.cfi_def_cfa_register 7
 24883              	.L9:
 125:../sources/stm32f2xx_it.c ****   /* Go to infinite loop when Usage Fault exception occurs */
 126:../sources/stm32f2xx_it.c ****   while (1)
 127:../sources/stm32f2xx_it.c ****   {
 128:../sources/stm32f2xx_it.c ****   }
 24884              		.loc 1 128 0 discriminator 1
 24885 0028 FEE7     		b	.L9
 24886              		.cfi_endproc
 24887              	.LFE33:
 24889 002a 00BF     		.align	2
 24890              		.global	SVC_Handler
 24891              		.thumb
 24892              		.thumb_func
 24894              	SVC_Handler:
 24895              	.LFB34:
 129:../sources/stm32f2xx_it.c **** }
 130:../sources/stm32f2xx_it.c **** 
 131:../sources/stm32f2xx_it.c **** /**
 132:../sources/stm32f2xx_it.c ****   * @brief  This function handles SVCall exception.
 133:../sources/stm32f2xx_it.c ****   * @param  None
 134:../sources/stm32f2xx_it.c ****   * @retval None
 135:../sources/stm32f2xx_it.c ****   */
 136:../sources/stm32f2xx_it.c **** void SVC_Handler(void)
 137:../sources/stm32f2xx_it.c **** {
 24896              		.loc 1 137 0
 24897              		.cfi_startproc
 24898              		@ args = 0, pretend = 0, frame = 0
 24899              		@ frame_needed = 1, uses_anonymous_args = 0
 24900              		@ link register save eliminated.
 24901 002c 80B4     		push	{r7}
 24902              	.LCFI10:
 24903              		.cfi_def_cfa_offset 4
 24904 002e 00AF     		add	r7, sp, #0
 24905              		.cfi_offset 7, -4
 24906              	.LCFI11:
 24907              		.cfi_def_cfa_register 7
 138:../sources/stm32f2xx_it.c **** }
 24908              		.loc 1 138 0
 24909 0030 BD46     		mov	sp, r7
 24910 0032 80BC     		pop	{r7}
 24911 0034 7047     		bx	lr
 24912              		.cfi_endproc
 24913              	.LFE34:
 24915 0036 00BF     		.align	2
 24916              		.global	DebugMon_Handler
 24917              		.thumb
 24918              		.thumb_func
 24920              	DebugMon_Handler:
 24921              	.LFB35:
 139:../sources/stm32f2xx_it.c **** 
 140:../sources/stm32f2xx_it.c **** /**
 141:../sources/stm32f2xx_it.c ****   * @brief  This function handles Debug Monitor exception.
 142:../sources/stm32f2xx_it.c ****   * @param  None
 143:../sources/stm32f2xx_it.c ****   * @retval None
 144:../sources/stm32f2xx_it.c ****   */
 145:../sources/stm32f2xx_it.c **** void DebugMon_Handler(void)
 146:../sources/stm32f2xx_it.c **** {
 24922              		.loc 1 146 0
 24923              		.cfi_startproc
 24924              		@ args = 0, pretend = 0, frame = 0
 24925              		@ frame_needed = 1, uses_anonymous_args = 0
 24926              		@ link register save eliminated.
 24927 0038 80B4     		push	{r7}
 24928              	.LCFI12:
 24929              		.cfi_def_cfa_offset 4
 24930 003a 00AF     		add	r7, sp, #0
 24931              		.cfi_offset 7, -4
 24932              	.LCFI13:
 24933              		.cfi_def_cfa_register 7
 147:../sources/stm32f2xx_it.c **** }
 24934              		.loc 1 147 0
 24935 003c BD46     		mov	sp, r7
 24936 003e 80BC     		pop	{r7}
 24937 0040 7047     		bx	lr
 24938              		.cfi_endproc
 24939              	.LFE35:
 24941 0042 00BF     		.align	2
 24942              		.global	PendSV_Handler
 24943              		.thumb
 24944              		.thumb_func
 24946              	PendSV_Handler:
 24947              	.LFB36:
 148:../sources/stm32f2xx_it.c **** 
 149:../sources/stm32f2xx_it.c **** /**
 150:../sources/stm32f2xx_it.c ****   * @brief  This function handles PendSV_Handler exception.
 151:../sources/stm32f2xx_it.c ****   * @param  None
 152:../sources/stm32f2xx_it.c ****   * @retval None
 153:../sources/stm32f2xx_it.c ****   */
 154:../sources/stm32f2xx_it.c **** void PendSV_Handler(void)
 155:../sources/stm32f2xx_it.c **** {
 24948              		.loc 1 155 0
 24949              		.cfi_startproc
 24950              		@ args = 0, pretend = 0, frame = 0
 24951              		@ frame_needed = 1, uses_anonymous_args = 0
 24952              		@ link register save eliminated.
 24953 0044 80B4     		push	{r7}
 24954              	.LCFI14:
 24955              		.cfi_def_cfa_offset 4
 24956 0046 00AF     		add	r7, sp, #0
 24957              		.cfi_offset 7, -4
 24958              	.LCFI15:
 24959              		.cfi_def_cfa_register 7
 156:../sources/stm32f2xx_it.c **** }
 24960              		.loc 1 156 0
 24961 0048 BD46     		mov	sp, r7
 24962 004a 80BC     		pop	{r7}
 24963 004c 7047     		bx	lr
 24964              		.cfi_endproc
 24965              	.LFE36:
 24967 004e 00BF     		.align	2
 24968              		.global	SysTick_Handler
 24969              		.thumb
 24970              		.thumb_func
 24972              	SysTick_Handler:
 24973              	.LFB37:
 157:../sources/stm32f2xx_it.c **** 
 158:../sources/stm32f2xx_it.c **** /**
 159:../sources/stm32f2xx_it.c ****   * @brief  This function handles SysTick Handler.
 160:../sources/stm32f2xx_it.c ****   * @param  None
 161:../sources/stm32f2xx_it.c ****   * @retval None
 162:../sources/stm32f2xx_it.c ****   */
 163:../sources/stm32f2xx_it.c **** void SysTick_Handler(void)
 164:../sources/stm32f2xx_it.c **** {
 24974              		.loc 1 164 0
 24975              		.cfi_startproc
 24976              		@ args = 0, pretend = 0, frame = 0
 24977              		@ frame_needed = 1, uses_anonymous_args = 0
 24978 0050 80B5     		push	{r7, lr}
 24979              	.LCFI16:
 24980              		.cfi_def_cfa_offset 8
 24981 0052 00AF     		add	r7, sp, #0
 24982              		.cfi_offset 14, -4
 24983              		.cfi_offset 7, -8
 24984              	.LCFI17:
 24985              		.cfi_def_cfa_register 7
 165:../sources/stm32f2xx_it.c ****   TimingDelay_Decrement();
 24986              		.loc 1 165 0
 24987 0054 FFF7FEFF 		bl	TimingDelay_Decrement
 166:../sources/stm32f2xx_it.c **** }
 24988              		.loc 1 166 0
 24989 0058 BD46     		mov	sp, r7
 24990 005a 80BD     		pop	{r7, pc}
 24991              		.cfi_endproc
 24992              	.LFE37:
 24994              		.align	2
 24995              		.global	USART3_IRQHandler
 24996              		.thumb
 24997              		.thumb_func
 24999              	USART3_IRQHandler:
 25000              	.LFB38:
 167:../sources/stm32f2xx_it.c **** 
 168:../sources/stm32f2xx_it.c **** /******************************************************************************/
 169:../sources/stm32f2xx_it.c **** /*            STM32F2xx Peripherals Interrupt Handlers                        */
 170:../sources/stm32f2xx_it.c **** /******************************************************************************/
 171:../sources/stm32f2xx_it.c **** 
 172:../sources/stm32f2xx_it.c **** /**
 173:../sources/stm32f2xx_it.c ****   * @brief  This function handles USARTx global interrupt request.
 174:../sources/stm32f2xx_it.c ****   * @param  None
 175:../sources/stm32f2xx_it.c ****   * @retval None
 176:../sources/stm32f2xx_it.c ****   */
 177:../sources/stm32f2xx_it.c **** void USARTx_IRQHANDLER(void)
 178:../sources/stm32f2xx_it.c **** {
 25001              		.loc 1 178 0
 25002              		.cfi_startproc
 25003              		@ args = 0, pretend = 0, frame = 8
 25004              		@ frame_needed = 1, uses_anonymous_args = 0
 25005              		@ link register save eliminated.
 25006 005c 80B4     		push	{r7}
 25007              	.LCFI18:
 25008              		.cfi_def_cfa_offset 4
 25009 005e 83B0     		sub	sp, sp, #12
 25010              	.LCFI19:
 25011              		.cfi_def_cfa_offset 16
 25012 0060 00AF     		add	r7, sp, #0
 25013              		.cfi_offset 7, -4
 25014              	.LCFI20:
 25015              		.cfi_def_cfa_register 7
 179:../sources/stm32f2xx_it.c **** 	  volatile unsigned int IIR;
 180:../sources/stm32f2xx_it.c **** 	  struct buf_st *p;
 181:../sources/stm32f2xx_it.c **** 
 182:../sources/stm32f2xx_it.c **** 	    IIR = USART3->SR;
 25016              		.loc 1 182 0
 25017 0062 4FF49043 		mov	r3, #18432
 25018 0066 C4F20003 		movt	r3, 16384
 25019 006a 1B88     		ldrh	r3, [r3, #0]	@ movhi
 25020 006c 9BB2     		uxth	r3, r3
 25021 006e 3B60     		str	r3, [r7, #0]
 183:../sources/stm32f2xx_it.c **** 	    if (IIR & USART_FLAG_RXNE) {                  // read interrupt
 25022              		.loc 1 183 0
 25023 0070 3B68     		ldr	r3, [r7, #0]
 25024 0072 03F02003 		and	r3, r3, #32
 25025 0076 002B     		cmp	r3, #0
 25026 0078 30D0     		beq	.L15
 184:../sources/stm32f2xx_it.c **** 	      USART3->SR &= ~USART_FLAG_RXNE;	          // clear interrupt
 25027              		.loc 1 184 0
 25028 007a 4FF49043 		mov	r3, #18432
 25029 007e C4F20003 		movt	r3, 16384
 25030 0082 4FF49042 		mov	r2, #18432
 25031 0086 C4F20002 		movt	r2, 16384
 25032 008a 1288     		ldrh	r2, [r2, #0]	@ movhi
 25033 008c 92B2     		uxth	r2, r2
 25034 008e 22F02002 		bic	r2, r2, #32
 25035 0092 92B2     		uxth	r2, r2
 25036 0094 1A80     		strh	r2, [r3, #0]	@ movhi
 185:../sources/stm32f2xx_it.c **** 
 186:../sources/stm32f2xx_it.c **** 	      p = &rbuf;
 25037              		.loc 1 186 0
 25038 0096 40F20003 		movw	r3, #:lower16:rbuf
 25039 009a C0F20003 		movt	r3, #:upper16:rbuf
 25040 009e 7B60     		str	r3, [r7, #4]
 187:../sources/stm32f2xx_it.c **** 
 188:../sources/stm32f2xx_it.c **** 	      if (((p->in - p->out) & ~(RBUF_SIZE-1)) == 0) {
 25041              		.loc 1 188 0
 25042 00a0 7B68     		ldr	r3, [r7, #4]
 25043 00a2 1A68     		ldr	r2, [r3, #0]
 25044 00a4 7B68     		ldr	r3, [r7, #4]
 25045 00a6 5B68     		ldr	r3, [r3, #4]
 25046 00a8 C3EB0203 		rsb	r3, r3, r2
 25047 00ac 23F0FF03 		bic	r3, r3, #255
 25048 00b0 002B     		cmp	r3, #0
 25049 00b2 13D1     		bne	.L15
 189:../sources/stm32f2xx_it.c **** 	        p->buf [p->in & (RBUF_SIZE-1)] = (USART3->DR & 0x1FF);
 25050              		.loc 1 189 0
 25051 00b4 7B68     		ldr	r3, [r7, #4]
 25052 00b6 1B68     		ldr	r3, [r3, #0]
 25053 00b8 03F0FF01 		and	r1, r3, #255
 25054 00bc 4FF49043 		mov	r3, #18432
 25055 00c0 C4F20003 		movt	r3, 16384
 25056 00c4 9B88     		ldrh	r3, [r3, #4]	@ movhi
 25057 00c6 9BB2     		uxth	r3, r3
 25058 00c8 DAB2     		uxtb	r2, r3
 25059 00ca 7B68     		ldr	r3, [r7, #4]
 25060 00cc 0B44     		add	r3, r3, r1
 25061 00ce 1A72     		strb	r2, [r3, #8]
 190:../sources/stm32f2xx_it.c **** 	        p->in++;
 25062              		.loc 1 190 0
 25063 00d0 7B68     		ldr	r3, [r7, #4]
 25064 00d2 1B68     		ldr	r3, [r3, #0]
 25065 00d4 03F10102 		add	r2, r3, #1
 25066 00d8 7B68     		ldr	r3, [r7, #4]
 25067 00da 1A60     		str	r2, [r3, #0]
 25068              	.L15:
 191:../sources/stm32f2xx_it.c **** 	      }
 192:../sources/stm32f2xx_it.c **** 	    }
 193:../sources/stm32f2xx_it.c **** 
 194:../sources/stm32f2xx_it.c **** 	    if (IIR & USART_FLAG_TXE) {
 25069              		.loc 1 194 0
 25070 00dc 3B68     		ldr	r3, [r7, #0]
 25071 00de 03F08003 		and	r3, r3, #128
 25072 00e2 002B     		cmp	r3, #0
 25073 00e4 47D0     		beq	.L14
 195:../sources/stm32f2xx_it.c **** 	      USART3->SR &= ~USART_FLAG_TXE;	          // clear interrupt
 25074              		.loc 1 195 0
 25075 00e6 4FF49043 		mov	r3, #18432
 25076 00ea C4F20003 		movt	r3, 16384
 25077 00ee 4FF49042 		mov	r2, #18432
 25078 00f2 C4F20002 		movt	r2, 16384
 25079 00f6 1288     		ldrh	r2, [r2, #0]	@ movhi
 25080 00f8 92B2     		uxth	r2, r2
 25081 00fa 22F08002 		bic	r2, r2, #128
 25082 00fe 92B2     		uxth	r2, r2
 25083 0100 1A80     		strh	r2, [r3, #0]	@ movhi
 196:../sources/stm32f2xx_it.c **** 
 197:../sources/stm32f2xx_it.c **** 	      p = &tbuf;
 25084              		.loc 1 197 0
 25085 0102 40F20003 		movw	r3, #:lower16:tbuf
 25086 0106 C0F20003 		movt	r3, #:upper16:tbuf
 25087 010a 7B60     		str	r3, [r7, #4]
 198:../sources/stm32f2xx_it.c **** 
 199:../sources/stm32f2xx_it.c **** 	      if (p->in != p->out) {
 25088              		.loc 1 199 0
 25089 010c 7B68     		ldr	r3, [r7, #4]
 25090 010e 1A68     		ldr	r2, [r3, #0]
 25091 0110 7B68     		ldr	r3, [r7, #4]
 25092 0112 5B68     		ldr	r3, [r3, #4]
 25093 0114 9A42     		cmp	r2, r3
 25094 0116 19D0     		beq	.L17
 200:../sources/stm32f2xx_it.c **** 	        USART3->DR = (p->buf [p->out & (TBUF_SIZE-1)] & 0x1FF);
 25095              		.loc 1 200 0
 25096 0118 4FF49043 		mov	r3, #18432
 25097 011c C4F20003 		movt	r3, 16384
 25098 0120 7A68     		ldr	r2, [r7, #4]
 25099 0122 5268     		ldr	r2, [r2, #4]
 25100 0124 02F0FF02 		and	r2, r2, #255
 25101 0128 7968     		ldr	r1, [r7, #4]
 25102 012a 0A44     		add	r2, r1, r2
 25103 012c 127A     		ldrb	r2, [r2, #8]	@ zero_extendqisi2
 25104 012e 9A80     		strh	r2, [r3, #4]	@ movhi
 201:../sources/stm32f2xx_it.c **** 	        p->out++;
 25105              		.loc 1 201 0
 25106 0130 7B68     		ldr	r3, [r7, #4]
 25107 0132 5B68     		ldr	r3, [r3, #4]
 25108 0134 03F10102 		add	r2, r3, #1
 25109 0138 7B68     		ldr	r3, [r7, #4]
 25110 013a 5A60     		str	r2, [r3, #4]
 202:../sources/stm32f2xx_it.c **** 	        tx_restart = 0;
 25111              		.loc 1 202 0
 25112 013c 40F20003 		movw	r3, #:lower16:tx_restart
 25113 0140 C0F20003 		movt	r3, #:upper16:tx_restart
 25114 0144 4FF00002 		mov	r2, #0
 25115 0148 1A60     		str	r2, [r3, #0]
 25116 014a 14E0     		b	.L14
 25117              	.L17:
 203:../sources/stm32f2xx_it.c **** 	      }
 204:../sources/stm32f2xx_it.c **** 	      else {
 205:../sources/stm32f2xx_it.c **** 	        tx_restart = 1;
 25118              		.loc 1 205 0
 25119 014c 40F20003 		movw	r3, #:lower16:tx_restart
 25120 0150 C0F20003 		movt	r3, #:upper16:tx_restart
 25121 0154 4FF00102 		mov	r2, #1
 25122 0158 1A60     		str	r2, [r3, #0]
 206:../sources/stm32f2xx_it.c **** 			USART3->CR1 &= ~USART_FLAG_TXE;		      // disable TX interrupt if nothing to send
 25123              		.loc 1 206 0
 25124 015a 4FF49043 		mov	r3, #18432
 25125 015e C4F20003 		movt	r3, 16384
 25126 0162 4FF49042 		mov	r2, #18432
 25127 0166 C4F20002 		movt	r2, 16384
 25128 016a 9289     		ldrh	r2, [r2, #12]	@ movhi
 25129 016c 92B2     		uxth	r2, r2
 25130 016e 22F08002 		bic	r2, r2, #128
 25131 0172 92B2     		uxth	r2, r2
 25132 0174 9A81     		strh	r2, [r3, #12]	@ movhi
 25133              	.L14:
 207:../sources/stm32f2xx_it.c **** 
 208:../sources/stm32f2xx_it.c **** 	      }
 209:../sources/stm32f2xx_it.c **** 	    }
 210:../sources/stm32f2xx_it.c **** }
 25134              		.loc 1 210 0
 25135 0176 07F10C07 		add	r7, r7, #12
 25136 017a BD46     		mov	sp, r7
 25137 017c 80BC     		pop	{r7}
 25138 017e 7047     		bx	lr
 25139              		.cfi_endproc
 25140              	.LFE38:
 25142              		.align	2
 25143              		.global	USART3_buffer_Init
 25144              		.thumb
 25145              		.thumb_func
 25147              	USART3_buffer_Init:
 25148              	.LFB39:
 211:../sources/stm32f2xx_it.c **** 
 212:../sources/stm32f2xx_it.c **** /*------------------------------------------------------------------------------
 213:../sources/stm32f2xx_it.c ****   buffer_Init
 214:../sources/stm32f2xx_it.c ****   initialize the buffers
 215:../sources/stm32f2xx_it.c ****  *------------------------------------------------------------------------------*/
 216:../sources/stm32f2xx_it.c **** void USART3_buffer_Init (void) {
 25149              		.loc 1 216 0
 25150              		.cfi_startproc
 25151              		@ args = 0, pretend = 0, frame = 0
 25152              		@ frame_needed = 1, uses_anonymous_args = 0
 25153              		@ link register save eliminated.
 25154 0180 80B4     		push	{r7}
 25155              	.LCFI21:
 25156              		.cfi_def_cfa_offset 4
 25157 0182 00AF     		add	r7, sp, #0
 25158              		.cfi_offset 7, -4
 25159              	.LCFI22:
 25160              		.cfi_def_cfa_register 7
 217:../sources/stm32f2xx_it.c **** 
 218:../sources/stm32f2xx_it.c ****   tbuf.in = 0;                                    // Clear com buffer indexes
 25161              		.loc 1 218 0
 25162 0184 40F20003 		movw	r3, #:lower16:tbuf
 25163 0188 C0F20003 		movt	r3, #:upper16:tbuf
 25164 018c 4FF00002 		mov	r2, #0
 25165 0190 1A60     		str	r2, [r3, #0]
 219:../sources/stm32f2xx_it.c ****   tbuf.out = 0;
 25166              		.loc 1 219 0
 25167 0192 40F20003 		movw	r3, #:lower16:tbuf
 25168 0196 C0F20003 		movt	r3, #:upper16:tbuf
 25169 019a 4FF00002 		mov	r2, #0
 25170 019e 5A60     		str	r2, [r3, #4]
 220:../sources/stm32f2xx_it.c ****   tx_restart = 1;
 25171              		.loc 1 220 0
 25172 01a0 40F20003 		movw	r3, #:lower16:tx_restart
 25173 01a4 C0F20003 		movt	r3, #:upper16:tx_restart
 25174 01a8 4FF00102 		mov	r2, #1
 25175 01ac 1A60     		str	r2, [r3, #0]
 221:../sources/stm32f2xx_it.c **** 
 222:../sources/stm32f2xx_it.c ****   rbuf.in = 0;
 25176              		.loc 1 222 0
 25177 01ae 40F20003 		movw	r3, #:lower16:rbuf
 25178 01b2 C0F20003 		movt	r3, #:upper16:rbuf
 25179 01b6 4FF00002 		mov	r2, #0
 25180 01ba 1A60     		str	r2, [r3, #0]
 223:../sources/stm32f2xx_it.c ****   rbuf.out = 0;
 25181              		.loc 1 223 0
 25182 01bc 40F20003 		movw	r3, #:lower16:rbuf
 25183 01c0 C0F20003 		movt	r3, #:upper16:rbuf
 25184 01c4 4FF00002 		mov	r2, #0
 25185 01c8 5A60     		str	r2, [r3, #4]
 224:../sources/stm32f2xx_it.c **** }
 25186              		.loc 1 224 0
 25187 01ca BD46     		mov	sp, r7
 25188 01cc 80BC     		pop	{r7}
 25189 01ce 7047     		bx	lr
 25190              		.cfi_endproc
 25191              	.LFE39:
 25193              		.align	2
 25194              		.global	USART3_SendChar
 25195              		.thumb
 25196              		.thumb_func
 25198              	USART3_SendChar:
 25199              	.LFB40:
 225:../sources/stm32f2xx_it.c **** 
 226:../sources/stm32f2xx_it.c **** /*------------------------------------------------------------------------------
 227:../sources/stm32f2xx_it.c ****   SenChar
 228:../sources/stm32f2xx_it.c ****   transmit a character
 229:../sources/stm32f2xx_it.c ****  *------------------------------------------------------------------------------*/
 230:../sources/stm32f2xx_it.c **** int USART3_SendChar (int c) {
 25200              		.loc 1 230 0
 25201              		.cfi_startproc
 25202              		@ args = 0, pretend = 0, frame = 16
 25203              		@ frame_needed = 1, uses_anonymous_args = 0
 25204              		@ link register save eliminated.
 25205 01d0 80B4     		push	{r7}
 25206              	.LCFI23:
 25207              		.cfi_def_cfa_offset 4
 25208 01d2 85B0     		sub	sp, sp, #20
 25209              	.LCFI24:
 25210              		.cfi_def_cfa_offset 24
 25211 01d4 00AF     		add	r7, sp, #0
 25212              		.cfi_offset 7, -4
 25213              	.LCFI25:
 25214              		.cfi_def_cfa_register 7
 25215 01d6 7860     		str	r0, [r7, #4]
 231:../sources/stm32f2xx_it.c ****   struct buf_st *p = &tbuf;
 25216              		.loc 1 231 0
 25217 01d8 40F20003 		movw	r3, #:lower16:tbuf
 25218 01dc C0F20003 		movt	r3, #:upper16:tbuf
 25219 01e0 FB60     		str	r3, [r7, #12]
 232:../sources/stm32f2xx_it.c **** 
 233:../sources/stm32f2xx_it.c ****                                                   // If the buffer is full, return an error value
 234:../sources/stm32f2xx_it.c ****   if (SIO_TBUFLEN >= TBUF_SIZE)
 25220              		.loc 1 234 0
 25221 01e2 40F20003 		movw	r3, #:lower16:tbuf
 25222 01e6 C0F20003 		movt	r3, #:upper16:tbuf
 25223 01ea 1B68     		ldr	r3, [r3, #0]
 25224 01ec 9AB2     		uxth	r2, r3
 25225 01ee 40F20003 		movw	r3, #:lower16:tbuf
 25226 01f2 C0F20003 		movt	r3, #:upper16:tbuf
 25227 01f6 5B68     		ldr	r3, [r3, #4]
 25228 01f8 9BB2     		uxth	r3, r3
 25229 01fa C3EB0203 		rsb	r3, r3, r2
 25230 01fe 9BB2     		uxth	r3, r3
 25231 0200 FF2B     		cmp	r3, #255
 25232 0202 02D9     		bls	.L20
 235:../sources/stm32f2xx_it.c ****     return (-1);
 25233              		.loc 1 235 0
 25234 0204 4FF0FF33 		mov	r3, #-1
 25235 0208 2CE0     		b	.L21
 25236              	.L20:
 236:../sources/stm32f2xx_it.c **** 
 237:../sources/stm32f2xx_it.c ****   p->buf [p->in & (TBUF_SIZE - 1)] = c;           // Add data to the transmit buffer.
 25237              		.loc 1 237 0
 25238 020a FB68     		ldr	r3, [r7, #12]
 25239 020c 1B68     		ldr	r3, [r3, #0]
 25240 020e 03F0FF03 		and	r3, r3, #255
 25241 0212 7A68     		ldr	r2, [r7, #4]
 25242 0214 D2B2     		uxtb	r2, r2
 25243 0216 F968     		ldr	r1, [r7, #12]
 25244 0218 0B44     		add	r3, r1, r3
 25245 021a 1A72     		strb	r2, [r3, #8]
 238:../sources/stm32f2xx_it.c ****   p->in++;
 25246              		.loc 1 238 0
 25247 021c FB68     		ldr	r3, [r7, #12]
 25248 021e 1B68     		ldr	r3, [r3, #0]
 25249 0220 03F10102 		add	r2, r3, #1
 25250 0224 FB68     		ldr	r3, [r7, #12]
 25251 0226 1A60     		str	r2, [r3, #0]
 239:../sources/stm32f2xx_it.c **** 
 240:../sources/stm32f2xx_it.c ****   if (tx_restart) {                               // If transmit interrupt is disabled, enable it
 25252              		.loc 1 240 0
 25253 0228 40F20003 		movw	r3, #:lower16:tx_restart
 25254 022c C0F20003 		movt	r3, #:upper16:tx_restart
 25255 0230 1B68     		ldr	r3, [r3, #0]
 25256 0232 002B     		cmp	r3, #0
 25257 0234 14D0     		beq	.L22
 241:../sources/stm32f2xx_it.c ****     tx_restart = 0;
 25258              		.loc 1 241 0
 25259 0236 40F20003 		movw	r3, #:lower16:tx_restart
 25260 023a C0F20003 		movt	r3, #:upper16:tx_restart
 25261 023e 4FF00002 		mov	r2, #0
 25262 0242 1A60     		str	r2, [r3, #0]
 242:../sources/stm32f2xx_it.c **** 	USART3->CR1 |= USART_FLAG_TXE;		          // enable TX interrupt
 25263              		.loc 1 242 0
 25264 0244 4FF49043 		mov	r3, #18432
 25265 0248 C4F20003 		movt	r3, 16384
 25266 024c 4FF49042 		mov	r2, #18432
 25267 0250 C4F20002 		movt	r2, 16384
 25268 0254 9289     		ldrh	r2, [r2, #12]	@ movhi
 25269 0256 92B2     		uxth	r2, r2
 25270 0258 42F08002 		orr	r2, r2, #128
 25271 025c 92B2     		uxth	r2, r2
 25272 025e 9A81     		strh	r2, [r3, #12]	@ movhi
 25273              	.L22:
 243:../sources/stm32f2xx_it.c ****   }
 244:../sources/stm32f2xx_it.c **** 
 245:../sources/stm32f2xx_it.c ****   return (0);
 25274              		.loc 1 245 0
 25275 0260 4FF00003 		mov	r3, #0
 25276              	.L21:
 246:../sources/stm32f2xx_it.c **** }
 25277              		.loc 1 246 0
 25278 0264 1846     		mov	r0, r3
 25279 0266 07F11407 		add	r7, r7, #20
 25280 026a BD46     		mov	sp, r7
 25281 026c 80BC     		pop	{r7}
 25282 026e 7047     		bx	lr
 25283              		.cfi_endproc
 25284              	.LFE40:
 25286              		.align	2
 25287              		.global	USART3_GetKey
 25288              		.thumb
 25289              		.thumb_func
 25291              	USART3_GetKey:
 25292              	.LFB41:
 247:../sources/stm32f2xx_it.c **** 
 248:../sources/stm32f2xx_it.c **** /*------------------------------------------------------------------------------
 249:../sources/stm32f2xx_it.c ****   GetKey
 250:../sources/stm32f2xx_it.c ****   receive a character
 251:../sources/stm32f2xx_it.c ****  *------------------------------------------------------------------------------*/
 252:../sources/stm32f2xx_it.c **** int USART3_GetKey (void) {
 25293              		.loc 1 252 0
 25294              		.cfi_startproc
 25295              		@ args = 0, pretend = 0, frame = 8
 25296              		@ frame_needed = 1, uses_anonymous_args = 0
 25297              		@ link register save eliminated.
 25298 0270 80B4     		push	{r7}
 25299              	.LCFI26:
 25300              		.cfi_def_cfa_offset 4
 25301 0272 83B0     		sub	sp, sp, #12
 25302              	.LCFI27:
 25303              		.cfi_def_cfa_offset 16
 25304 0274 00AF     		add	r7, sp, #0
 25305              		.cfi_offset 7, -4
 25306              	.LCFI28:
 25307              		.cfi_def_cfa_register 7
 253:../sources/stm32f2xx_it.c ****   struct buf_st *p = &rbuf;
 25308              		.loc 1 253 0
 25309 0276 40F20003 		movw	r3, #:lower16:rbuf
 25310 027a C0F20003 		movt	r3, #:upper16:rbuf
 25311 027e 7B60     		str	r3, [r7, #4]
 254:../sources/stm32f2xx_it.c **** 
 255:../sources/stm32f2xx_it.c ****   if (SIO_RBUFLEN == 0)
 25312              		.loc 1 255 0
 25313 0280 40F20003 		movw	r3, #:lower16:rbuf
 25314 0284 C0F20003 		movt	r3, #:upper16:rbuf
 25315 0288 1B68     		ldr	r3, [r3, #0]
 25316 028a 9AB2     		uxth	r2, r3
 25317 028c 40F20003 		movw	r3, #:lower16:rbuf
 25318 0290 C0F20003 		movt	r3, #:upper16:rbuf
 25319 0294 5B68     		ldr	r3, [r3, #4]
 25320 0296 9BB2     		uxth	r3, r3
 25321 0298 9A42     		cmp	r2, r3
 25322 029a 02D1     		bne	.L24
 256:../sources/stm32f2xx_it.c ****     return (-1);
 25323              		.loc 1 256 0
 25324 029c 4FF0FF33 		mov	r3, #-1
 25325 02a0 0AE0     		b	.L25
 25326              	.L24:
 257:../sources/stm32f2xx_it.c **** 
 258:../sources/stm32f2xx_it.c ****   return (p->buf [(p->out++) & (RBUF_SIZE - 1)]);
 25327              		.loc 1 258 0
 25328 02a2 7B68     		ldr	r3, [r7, #4]
 25329 02a4 5A68     		ldr	r2, [r3, #4]
 25330 02a6 02F0FF03 		and	r3, r2, #255
 25331 02aa 7968     		ldr	r1, [r7, #4]
 25332 02ac 0B44     		add	r3, r1, r3
 25333 02ae 1B7A     		ldrb	r3, [r3, #8]	@ zero_extendqisi2
 25334 02b0 02F10101 		add	r1, r2, #1
 25335 02b4 7A68     		ldr	r2, [r7, #4]
 25336 02b6 5160     		str	r1, [r2, #4]
 25337              	.L25:
 259:../sources/stm32f2xx_it.c **** }
 25338              		.loc 1 259 0
 25339 02b8 1846     		mov	r0, r3
 25340 02ba 07F10C07 		add	r7, r7, #12
 25341 02be BD46     		mov	sp, r7
 25342 02c0 80BC     		pop	{r7}
 25343 02c2 7047     		bx	lr
 25344              		.cfi_endproc
 25345              	.LFE41:
 25347              		.align	2
 25348              		.global	USART3_SendString
 25349              		.thumb
 25350              		.thumb_func
 25352              	USART3_SendString:
 25353              	.LFB42:
 260:../sources/stm32f2xx_it.c **** 
 261:../sources/stm32f2xx_it.c **** 
 262:../sources/stm32f2xx_it.c **** 
 263:../sources/stm32f2xx_it.c **** 
 264:../sources/stm32f2xx_it.c **** void USART3_SendString(char *mass,int size) {
 25354              		.loc 1 264 0
 25355              		.cfi_startproc
 25356              		@ args = 0, pretend = 0, frame = 8
 25357              		@ frame_needed = 1, uses_anonymous_args = 0
 25358 02c4 80B5     		push	{r7, lr}
 25359              	.LCFI29:
 25360              		.cfi_def_cfa_offset 8
 25361 02c6 82B0     		sub	sp, sp, #8
 25362              	.LCFI30:
 25363              		.cfi_def_cfa_offset 16
 25364 02c8 00AF     		add	r7, sp, #0
 25365              		.cfi_offset 14, -4
 25366              		.cfi_offset 7, -8
 25367              	.LCFI31:
 25368              		.cfi_def_cfa_register 7
 25369 02ca 7860     		str	r0, [r7, #4]
 25370 02cc 3960     		str	r1, [r7, #0]
 265:../sources/stm32f2xx_it.c **** 
 266:../sources/stm32f2xx_it.c **** 	while (size > 0) {
 25371              		.loc 1 266 0
 25372 02ce 0CE0     		b	.L27
 25373              	.L28:
 267:../sources/stm32f2xx_it.c **** 		USART3_SendChar((int )*mass++);
 25374              		.loc 1 267 0
 25375 02d0 7B68     		ldr	r3, [r7, #4]
 25376 02d2 1B78     		ldrb	r3, [r3, #0]	@ zero_extendqisi2
 25377 02d4 7A68     		ldr	r2, [r7, #4]
 25378 02d6 02F10102 		add	r2, r2, #1
 25379 02da 7A60     		str	r2, [r7, #4]
 25380 02dc 1846     		mov	r0, r3
 25381 02de FFF7FEFF 		bl	USART3_SendChar
 268:../sources/stm32f2xx_it.c **** 	size--;
 25382              		.loc 1 268 0
 25383 02e2 3B68     		ldr	r3, [r7, #0]
 25384 02e4 03F1FF33 		add	r3, r3, #-1
 25385 02e8 3B60     		str	r3, [r7, #0]
 25386              	.L27:
 266:../sources/stm32f2xx_it.c **** 	while (size > 0) {
 25387              		.loc 1 266 0 discriminator 1
 25388 02ea 3B68     		ldr	r3, [r7, #0]
 25389 02ec 002B     		cmp	r3, #0
 25390 02ee EFDC     		bgt	.L28
 269:../sources/stm32f2xx_it.c **** 	}
 270:../sources/stm32f2xx_it.c **** }
 25391              		.loc 1 270 0
 25392 02f0 07F10807 		add	r7, r7, #8
 25393 02f4 BD46     		mov	sp, r7
 25394 02f6 80BD     		pop	{r7, pc}
 25395              		.cfi_endproc
 25396              	.LFE42:
 25398              	.Letext0:
DEFINED SYMBOLS
                            *ABS*:00000000 stm32f2xx_it.c
                            *COM*:00000004 ADCConvertedValue
C:\Users\red4sch\AppData\Local\Temp\ccFAvtba.s:24750  .bss:00000000 $d
C:\Users\red4sch\AppData\Local\Temp\ccFAvtba.s:24751  .bss:00000000 rbuf
C:\Users\red4sch\AppData\Local\Temp\ccFAvtba.s:24754  .bss:00000108 tbuf
C:\Users\red4sch\AppData\Local\Temp\ccFAvtba.s:24757  .data:00000000 $d
C:\Users\red4sch\AppData\Local\Temp\ccFAvtba.s:24760  .data:00000000 tx_restart
C:\Users\red4sch\AppData\Local\Temp\ccFAvtba.s:24763  .text:00000000 $t
C:\Users\red4sch\AppData\Local\Temp\ccFAvtba.s:24768  .text:00000000 NMI_Handler
C:\Users\red4sch\AppData\Local\Temp\ccFAvtba.s:24794  .text:0000000c HardFault_Handler
C:\Users\red4sch\AppData\Local\Temp\ccFAvtba.s:24819  .text:00000014 MemManage_Handler
C:\Users\red4sch\AppData\Local\Temp\ccFAvtba.s:24844  .text:0000001c BusFault_Handler
C:\Users\red4sch\AppData\Local\Temp\ccFAvtba.s:24869  .text:00000024 UsageFault_Handler
C:\Users\red4sch\AppData\Local\Temp\ccFAvtba.s:24894  .text:0000002c SVC_Handler
C:\Users\red4sch\AppData\Local\Temp\ccFAvtba.s:24920  .text:00000038 DebugMon_Handler
C:\Users\red4sch\AppData\Local\Temp\ccFAvtba.s:24946  .text:00000044 PendSV_Handler
C:\Users\red4sch\AppData\Local\Temp\ccFAvtba.s:24972  .text:00000050 SysTick_Handler
C:\Users\red4sch\AppData\Local\Temp\ccFAvtba.s:24999  .text:0000005c USART3_IRQHandler
C:\Users\red4sch\AppData\Local\Temp\ccFAvtba.s:25147  .text:00000180 USART3_buffer_Init
C:\Users\red4sch\AppData\Local\Temp\ccFAvtba.s:25198  .text:000001d0 USART3_SendChar
C:\Users\red4sch\AppData\Local\Temp\ccFAvtba.s:25291  .text:00000270 USART3_GetKey
C:\Users\red4sch\AppData\Local\Temp\ccFAvtba.s:25352  .text:000002c4 USART3_SendString
                     .debug_frame:00000010 $d

UNDEFINED SYMBOLS
TimingDelay_Decrement
