###############################################################################
#
# IAR ANSI C/C++ Compiler V8.40.1.212/W32 for ARM         01/Dec/2020  16:53:01
# Copyright 1999-2019 IAR Systems AB.
#
#    Cpu mode     =  
#    Endian       =  little
#    Source file  =
#        D:\proj\velograph\manta\contr\arm\manta_contr\src\bt\bt_cmd.c
#    Command line =
#        -f C:\Users\vova\AppData\Local\Temp\EWBAC1.tmp
#        (D:\proj\velograph\manta\contr\arm\manta_contr\src\bt\bt_cmd.c -D
#        VECT_TAB_FLASH -D IAR_ARM_CM3 -lcN
#        D:\proj\velograph\manta\contr\arm\manta_contr\manta_debug\List
#        --diag_suppress Pa082,pe191 -o
#        D:\proj\velograph\manta\contr\arm\manta_contr\manta_debug\Obj --no_cse
#        --no_unroll --no_inline --no_code_motion --no_tbaa --no_clustering
#        --no_scheduling --debug --endian=little --cpu=Cortex-M3 -e --fpu=None
#        --dlib_config "C:\Program Files (x86)\IAR Systems\Embedded Workbench
#        8.3\arm\inc\c\DLib_Config_Full.h" -I
#        D:\proj\velograph\manta\contr\arm\manta_contr\.\ -I
#        D:\proj\velograph\manta\contr\arm\manta_contr\src\board\ -I
#        D:\proj\velograph\manta\contr\arm\manta_contr\..\common\freertos\source\inc\
#        -I D:\proj\velograph\manta\contr\arm\manta_contr\src\inc\ -I
#        D:\proj\velograph\manta\contr\arm\manta_contr\..\common\freertos\source\port\ARM_CM3\
#        -I
#        D:\proj\velograph\manta\contr\arm\manta_contr\..\common\libraries\STM32F2xx_StdPeriph_Driver\inc\
#        -I
#        D:\proj\velograph\manta\contr\arm\manta_contr\..\common\libraries\STM32F2xx_StdPeriph_Driver\
#        -I D:\proj\velograph\manta\contr\arm\manta_contr\..\common\dbg\ -I
#        D:\proj\velograph\manta\contr\arm\manta_contr\..\common\inc\ -I
#        D:\proj\velograph\manta\contr\arm\manta_contr\..\common\hdlc\ -On
#        --use_c++_inline -I "C:\Program Files (x86)\IAR Systems\Embedded
#        Workbench 8.3\arm\CMSIS\Core\Include\" -I "C:\Program Files (x86)\IAR
#        Systems\Embedded Workbench 8.3\arm\CMSIS\DSP\Include\")
#    Locale       =  C
#    List file    =
#        D:\proj\velograph\manta\contr\arm\manta_contr\manta_debug\List\bt_cmd.lst
#    Object file  =
#        D:\proj\velograph\manta\contr\arm\manta_contr\manta_debug\Obj\bt_cmd.o
#
###############################################################################

D:\proj\velograph\manta\contr\arm\manta_contr\src\bt\bt_cmd.c
      1          #include <stdio.h>
      2          #include <stdint.h>
      3          #include <stdlib.h>
      4          #include <string.h>
      5          #include "my_types.h"
      6          #include "bt_cmd.h"
      7          
      8          extern uint8_t rx_bt_buff[];
      9          extern uint8_t tx_bt_buff[];
     10          extern uint8_t *tmp_param_buff;
     11          extern 	uint32_t g_changed_param;
     12          ////extern ed_par_trk_t ed_par_trk;
     13          ///extern void save_all_par(void);


 
 
 0 bytes of memory

Errors: none
Warnings: none
