###############################################################################
#
# IAR ANSI C/C++ Compiler V8.40.1.212/W32 for ARM         01/Dec/2020  16:53:02
# Copyright 1999-2019 IAR Systems AB.
#
#    Cpu mode     =  
#    Endian       =  little
#    Source file  =
#        D:\proj\velograph\manta\contr\arm\manta_contr\src\retarget.c
#    Command line =
#        -f C:\Users\vova\AppData\Local\Temp\EWBF72.tmp
#        (D:\proj\velograph\manta\contr\arm\manta_contr\src\retarget.c -D
#        VECT_TAB_FLASH -D IAR_ARM_CM3 -lcN
#        D:\proj\velograph\manta\contr\arm\manta_contr\manta_debug\List
#        --diag_suppress Pa082,pe191 -o
#        D:\proj\velograph\manta\contr\arm\manta_contr\manta_debug\Obj --no_cse
#        --no_unroll --no_inline --no_code_motion --no_tbaa --no_clustering
#        --no_scheduling --debug --endian=little --cpu=Cortex-M3 -e --fpu=None
#        --dlib_config "C:\Program Files (x86)\IAR Systems\Embedded Workbench
#        8.3\arm\inc\c\DLib_Config_Full.h" -I
#        D:\proj\velograph\manta\contr\arm\manta_contr\.\ -I
#        D:\proj\velograph\manta\contr\arm\manta_contr\src\board\ -I
#        D:\proj\velograph\manta\contr\arm\manta_contr\..\common\freertos\source\inc\
#        -I D:\proj\velograph\manta\contr\arm\manta_contr\src\inc\ -I
#        D:\proj\velograph\manta\contr\arm\manta_contr\..\common\freertos\source\port\ARM_CM3\
#        -I
#        D:\proj\velograph\manta\contr\arm\manta_contr\..\common\libraries\STM32F2xx_StdPeriph_Driver\inc\
#        -I
#        D:\proj\velograph\manta\contr\arm\manta_contr\..\common\libraries\STM32F2xx_StdPeriph_Driver\
#        -I D:\proj\velograph\manta\contr\arm\manta_contr\..\common\dbg\ -I
#        D:\proj\velograph\manta\contr\arm\manta_contr\..\common\inc\ -I
#        D:\proj\velograph\manta\contr\arm\manta_contr\..\common\hdlc\ -On
#        --use_c++_inline -I "C:\Program Files (x86)\IAR Systems\Embedded
#        Workbench 8.3\arm\CMSIS\Core\Include\" -I "C:\Program Files (x86)\IAR
#        Systems\Embedded Workbench 8.3\arm\CMSIS\DSP\Include\")
#    Locale       =  C
#    List file    =
#        D:\proj\velograph\manta\contr\arm\manta_contr\manta_debug\List\retarget.lst
#    Object file  =
#        D:\proj\velograph\manta\contr\arm\manta_contr\manta_debug\Obj\retarget.o
#
###############################################################################

D:\proj\velograph\manta\contr\arm\manta_contr\src\retarget.c
      1          #include <stdio.h>
      2          #include <stdint.h>
      3          
      4          ////extern void my_uart_tx(uint8_t idat);
      5          extern int send_char_dbg(int c) ;
      6          
      7          size_t __write(int handle, const unsigned char * buffer, size_t size)
      8          {
      9              int i;
     10          ////    UNUSED_PARAMETER(handle);
     11              for (i = 0; i < size; i++)
     12              {
     13          ////     UNUSED_VARIABLE(app_uart_put(*buffer++));
     14          ///     my_uart_tx(*buffer++);
     15               send_char_dbg(*buffer++);
     16               
     17              }
     18              return size;
     19          }
     20          extern int get_byte_dbg(void) ;
     21          
     22          size_t __read(int handle, unsigned char * buffer, size_t size)
     23          {
     24           ///   UNUSED_PARAMETER(handle);
     25           ////   UNUSED_PARAMETER(size);
     26            *buffer=get_byte_dbg();
     27              return 1;
     28          }
     29          extern int rdy_rx_dbg(void) ;
     30          
     31          int __data_rdy( int handle)
     32          {
     33          ////return platform_stdio_rdy();
     34          return rdy_rx_dbg() ;
     35          }
     36          
     37          long __lseek(int handle, long offset, int whence)
     38          {
     39              return -1;
     40          }
     41          int __close(int handle)
     42          {
     43              return 0;
     44          }
     45          int remove(const char *aa)
     46          {
     47              return 0;
     48          }

   Maximum stack usage in bytes:

   .cstack Function
   ------- --------
       0   __close
       8   __data_rdy
         8   -> rdy_rx_dbg
       0   __lseek
      16   __read
        16   -> get_byte_dbg
      24   __write
        24   -> send_char_dbg
       0   remove


   Section sizes:

   Bytes  Function/Label
   -----  --------------
       6  __close
      10  __data_rdy
       8  __lseek
      18  __read
      30  __write
       6  remove

 
 78 bytes in section .text
 
 78 bytes of CODE memory

Errors: none
Warnings: none
