   1              		.syntax unified
   2              		.cpu cortex-m3
   3              		.fpu softvfp
   4              		.eabi_attribute 20, 1
   5              		.eabi_attribute 21, 1
   6              		.eabi_attribute 23, 3
   7              		.eabi_attribute 24, 1
   8              		.eabi_attribute 25, 1
   9              		.eabi_attribute 26, 1
  10              		.eabi_attribute 30, 6
  11              		.eabi_attribute 18, 4
  12              		.thumb
  13              		.file	"stm32f2xx_crc.c"
  23              	.Ltext0:
  24              		.file 1 "../STM32F2xx_StdPeriph_Driver/src/stm32f2xx_crc.c"
 23358              		.align	2
 23359              		.global	CRC_ResetDR
 23360              		.thumb
 23361              		.thumb_func
 23363              	CRC_ResetDR:
 23364              	.LFB29:
   1:../STM32F2xx_StdPeriph_Driver/src/stm32f2xx_crc.c **** /**
   2:../STM32F2xx_StdPeriph_Driver/src/stm32f2xx_crc.c ****   ******************************************************************************
   3:../STM32F2xx_StdPeriph_Driver/src/stm32f2xx_crc.c ****   * @file    stm32f2xx_crc.c
   4:../STM32F2xx_StdPeriph_Driver/src/stm32f2xx_crc.c ****   * @author  MCD Application Team
   5:../STM32F2xx_StdPeriph_Driver/src/stm32f2xx_crc.c ****   * @version V1.0.0
   6:../STM32F2xx_StdPeriph_Driver/src/stm32f2xx_crc.c ****   * @date    18-April-2011
   7:../STM32F2xx_StdPeriph_Driver/src/stm32f2xx_crc.c ****   * @brief   This file provides all the CRC firmware functions.
   8:../STM32F2xx_StdPeriph_Driver/src/stm32f2xx_crc.c ****   ******************************************************************************
   9:../STM32F2xx_StdPeriph_Driver/src/stm32f2xx_crc.c ****   * @attention
  10:../STM32F2xx_StdPeriph_Driver/src/stm32f2xx_crc.c ****   *
  11:../STM32F2xx_StdPeriph_Driver/src/stm32f2xx_crc.c ****   * THE PRESENT FIRMWARE WHICH IS FOR GUIDANCE ONLY AIMS AT PROVIDING CUSTOMERS
  12:../STM32F2xx_StdPeriph_Driver/src/stm32f2xx_crc.c ****   * WITH CODING INFORMATION REGARDING THEIR PRODUCTS IN ORDER FOR THEM TO SAVE
  13:../STM32F2xx_StdPeriph_Driver/src/stm32f2xx_crc.c ****   * TIME. AS A RESULT, STMICROELECTRONICS SHALL NOT BE HELD LIABLE FOR ANY
  14:../STM32F2xx_StdPeriph_Driver/src/stm32f2xx_crc.c ****   * DIRECT, INDIRECT OR CONSEQUENTIAL DAMAGES WITH RESPECT TO ANY CLAIMS ARISING
  15:../STM32F2xx_StdPeriph_Driver/src/stm32f2xx_crc.c ****   * FROM THE CONTENT OF SUCH FIRMWARE AND/OR THE USE MADE BY CUSTOMERS OF THE
  16:../STM32F2xx_StdPeriph_Driver/src/stm32f2xx_crc.c ****   * CODING INFORMATION CONTAINED HEREIN IN CONNECTION WITH THEIR PRODUCTS.
  17:../STM32F2xx_StdPeriph_Driver/src/stm32f2xx_crc.c ****   *
  18:../STM32F2xx_StdPeriph_Driver/src/stm32f2xx_crc.c ****   * <h2><center>&copy; COPYRIGHT 2011 STMicroelectronics</center></h2>
  19:../STM32F2xx_StdPeriph_Driver/src/stm32f2xx_crc.c ****   ******************************************************************************
  20:../STM32F2xx_StdPeriph_Driver/src/stm32f2xx_crc.c ****   */
  21:../STM32F2xx_StdPeriph_Driver/src/stm32f2xx_crc.c **** 
  22:../STM32F2xx_StdPeriph_Driver/src/stm32f2xx_crc.c **** /* Includes ------------------------------------------------------------------*/
  23:../STM32F2xx_StdPeriph_Driver/src/stm32f2xx_crc.c **** #include "stm32f2xx_crc.h"
  24:../STM32F2xx_StdPeriph_Driver/src/stm32f2xx_crc.c **** 
  25:../STM32F2xx_StdPeriph_Driver/src/stm32f2xx_crc.c **** /** @addtogroup STM32F2xx_StdPeriph_Driver
  26:../STM32F2xx_StdPeriph_Driver/src/stm32f2xx_crc.c ****   * @{
  27:../STM32F2xx_StdPeriph_Driver/src/stm32f2xx_crc.c ****   */
  28:../STM32F2xx_StdPeriph_Driver/src/stm32f2xx_crc.c **** 
  29:../STM32F2xx_StdPeriph_Driver/src/stm32f2xx_crc.c **** /** @defgroup CRC 
  30:../STM32F2xx_StdPeriph_Driver/src/stm32f2xx_crc.c ****   * @brief CRC driver modules
  31:../STM32F2xx_StdPeriph_Driver/src/stm32f2xx_crc.c ****   * @{
  32:../STM32F2xx_StdPeriph_Driver/src/stm32f2xx_crc.c ****   */
  33:../STM32F2xx_StdPeriph_Driver/src/stm32f2xx_crc.c **** 
  34:../STM32F2xx_StdPeriph_Driver/src/stm32f2xx_crc.c **** /* Private typedef -----------------------------------------------------------*/
  35:../STM32F2xx_StdPeriph_Driver/src/stm32f2xx_crc.c **** /* Private define ------------------------------------------------------------*/
  36:../STM32F2xx_StdPeriph_Driver/src/stm32f2xx_crc.c **** /* Private macro -------------------------------------------------------------*/
  37:../STM32F2xx_StdPeriph_Driver/src/stm32f2xx_crc.c **** /* Private variables ---------------------------------------------------------*/
  38:../STM32F2xx_StdPeriph_Driver/src/stm32f2xx_crc.c **** /* Private function prototypes -----------------------------------------------*/
  39:../STM32F2xx_StdPeriph_Driver/src/stm32f2xx_crc.c **** /* Private functions ---------------------------------------------------------*/
  40:../STM32F2xx_StdPeriph_Driver/src/stm32f2xx_crc.c **** 
  41:../STM32F2xx_StdPeriph_Driver/src/stm32f2xx_crc.c **** /** @defgroup CRC_Private_Functions
  42:../STM32F2xx_StdPeriph_Driver/src/stm32f2xx_crc.c ****   * @{
  43:../STM32F2xx_StdPeriph_Driver/src/stm32f2xx_crc.c ****   */
  44:../STM32F2xx_StdPeriph_Driver/src/stm32f2xx_crc.c **** 
  45:../STM32F2xx_StdPeriph_Driver/src/stm32f2xx_crc.c **** /**
  46:../STM32F2xx_StdPeriph_Driver/src/stm32f2xx_crc.c ****   * @brief  Resets the CRC Data register (DR).
  47:../STM32F2xx_StdPeriph_Driver/src/stm32f2xx_crc.c ****   * @param  None
  48:../STM32F2xx_StdPeriph_Driver/src/stm32f2xx_crc.c ****   * @retval None
  49:../STM32F2xx_StdPeriph_Driver/src/stm32f2xx_crc.c ****   */
  50:../STM32F2xx_StdPeriph_Driver/src/stm32f2xx_crc.c **** void CRC_ResetDR(void)
  51:../STM32F2xx_StdPeriph_Driver/src/stm32f2xx_crc.c **** {
 23365              		.loc 1 51 0
 23366              		.cfi_startproc
 23367              		@ args = 0, pretend = 0, frame = 0
 23368              		@ frame_needed = 1, uses_anonymous_args = 0
 23369              		@ link register save eliminated.
 23370 0000 80B4     		push	{r7}
 23371              	.LCFI0:
 23372              		.cfi_def_cfa_offset 4
 23373 0002 00AF     		add	r7, sp, #0
 23374              		.cfi_offset 7, -4
 23375              	.LCFI1:
 23376              		.cfi_def_cfa_register 7
  52:../STM32F2xx_StdPeriph_Driver/src/stm32f2xx_crc.c ****   /* Reset CRC generator */
  53:../STM32F2xx_StdPeriph_Driver/src/stm32f2xx_crc.c ****   CRC->CR = CRC_CR_RESET;
 23377              		.loc 1 53 0
 23378 0004 4FF44053 		mov	r3, #12288
 23379 0008 C4F20203 		movt	r3, 16386
 23380 000c 4FF00102 		mov	r2, #1
 23381 0010 9A60     		str	r2, [r3, #8]
  54:../STM32F2xx_StdPeriph_Driver/src/stm32f2xx_crc.c **** }
 23382              		.loc 1 54 0
 23383 0012 BD46     		mov	sp, r7
 23384 0014 80BC     		pop	{r7}
 23385 0016 7047     		bx	lr
 23386              		.cfi_endproc
 23387              	.LFE29:
 23389              		.align	2
 23390              		.global	CRC_CalcCRC
 23391              		.thumb
 23392              		.thumb_func
 23394              	CRC_CalcCRC:
 23395              	.LFB30:
  55:../STM32F2xx_StdPeriph_Driver/src/stm32f2xx_crc.c **** 
  56:../STM32F2xx_StdPeriph_Driver/src/stm32f2xx_crc.c **** /**
  57:../STM32F2xx_StdPeriph_Driver/src/stm32f2xx_crc.c ****   * @brief  Computes the 32-bit CRC of a given data word(32-bit).
  58:../STM32F2xx_StdPeriph_Driver/src/stm32f2xx_crc.c ****   * @param  Data: data word(32-bit) to compute its CRC
  59:../STM32F2xx_StdPeriph_Driver/src/stm32f2xx_crc.c ****   * @retval 32-bit CRC
  60:../STM32F2xx_StdPeriph_Driver/src/stm32f2xx_crc.c ****   */
  61:../STM32F2xx_StdPeriph_Driver/src/stm32f2xx_crc.c **** uint32_t CRC_CalcCRC(uint32_t Data)
  62:../STM32F2xx_StdPeriph_Driver/src/stm32f2xx_crc.c **** {
 23396              		.loc 1 62 0
 23397              		.cfi_startproc
 23398              		@ args = 0, pretend = 0, frame = 8
 23399              		@ frame_needed = 1, uses_anonymous_args = 0
 23400              		@ link register save eliminated.
 23401 0018 80B4     		push	{r7}
 23402              	.LCFI2:
 23403              		.cfi_def_cfa_offset 4
 23404 001a 83B0     		sub	sp, sp, #12
 23405              	.LCFI3:
 23406              		.cfi_def_cfa_offset 16
 23407 001c 00AF     		add	r7, sp, #0
 23408              		.cfi_offset 7, -4
 23409              	.LCFI4:
 23410              		.cfi_def_cfa_register 7
 23411 001e 7860     		str	r0, [r7, #4]
  63:../STM32F2xx_StdPeriph_Driver/src/stm32f2xx_crc.c ****   CRC->DR = Data;
 23412              		.loc 1 63 0
 23413 0020 4FF44053 		mov	r3, #12288
 23414 0024 C4F20203 		movt	r3, 16386
 23415 0028 7A68     		ldr	r2, [r7, #4]
 23416 002a 1A60     		str	r2, [r3, #0]
  64:../STM32F2xx_StdPeriph_Driver/src/stm32f2xx_crc.c ****   
  65:../STM32F2xx_StdPeriph_Driver/src/stm32f2xx_crc.c ****   return (CRC->DR);
 23417              		.loc 1 65 0
 23418 002c 4FF44053 		mov	r3, #12288
 23419 0030 C4F20203 		movt	r3, 16386
 23420 0034 1B68     		ldr	r3, [r3, #0]
  66:../STM32F2xx_StdPeriph_Driver/src/stm32f2xx_crc.c **** }
 23421              		.loc 1 66 0
 23422 0036 1846     		mov	r0, r3
 23423 0038 07F10C07 		add	r7, r7, #12
 23424 003c BD46     		mov	sp, r7
 23425 003e 80BC     		pop	{r7}
 23426 0040 7047     		bx	lr
 23427              		.cfi_endproc
 23428              	.LFE30:
 23430 0042 00BF     		.align	2
 23431              		.global	CRC_CalcBlockCRC
 23432              		.thumb
 23433              		.thumb_func
 23435              	CRC_CalcBlockCRC:
 23436              	.LFB31:
  67:../STM32F2xx_StdPeriph_Driver/src/stm32f2xx_crc.c **** 
  68:../STM32F2xx_StdPeriph_Driver/src/stm32f2xx_crc.c **** /**
  69:../STM32F2xx_StdPeriph_Driver/src/stm32f2xx_crc.c ****   * @brief  Computes the 32-bit CRC of a given buffer of data word(32-bit).
  70:../STM32F2xx_StdPeriph_Driver/src/stm32f2xx_crc.c ****   * @param  pBuffer: pointer to the buffer containing the data to be computed
  71:../STM32F2xx_StdPeriph_Driver/src/stm32f2xx_crc.c ****   * @param  BufferLength: length of the buffer to be computed					
  72:../STM32F2xx_StdPeriph_Driver/src/stm32f2xx_crc.c ****   * @retval 32-bit CRC
  73:../STM32F2xx_StdPeriph_Driver/src/stm32f2xx_crc.c ****   */
  74:../STM32F2xx_StdPeriph_Driver/src/stm32f2xx_crc.c **** uint32_t CRC_CalcBlockCRC(uint32_t pBuffer[], uint32_t BufferLength)
  75:../STM32F2xx_StdPeriph_Driver/src/stm32f2xx_crc.c **** {
 23437              		.loc 1 75 0
 23438              		.cfi_startproc
 23439              		@ args = 0, pretend = 0, frame = 16
 23440              		@ frame_needed = 1, uses_anonymous_args = 0
 23441              		@ link register save eliminated.
 23442 0044 80B4     		push	{r7}
 23443              	.LCFI5:
 23444              		.cfi_def_cfa_offset 4
 23445 0046 85B0     		sub	sp, sp, #20
 23446              	.LCFI6:
 23447              		.cfi_def_cfa_offset 24
 23448 0048 00AF     		add	r7, sp, #0
 23449              		.cfi_offset 7, -4
 23450              	.LCFI7:
 23451              		.cfi_def_cfa_register 7
 23452 004a 7860     		str	r0, [r7, #4]
 23453 004c 3960     		str	r1, [r7, #0]
  76:../STM32F2xx_StdPeriph_Driver/src/stm32f2xx_crc.c ****   uint32_t index = 0;
 23454              		.loc 1 76 0
 23455 004e 4FF00003 		mov	r3, #0
 23456 0052 FB60     		str	r3, [r7, #12]
  77:../STM32F2xx_StdPeriph_Driver/src/stm32f2xx_crc.c ****   
  78:../STM32F2xx_StdPeriph_Driver/src/stm32f2xx_crc.c ****   for(index = 0; index < BufferLength; index++)
 23457              		.loc 1 78 0
 23458 0054 4FF00003 		mov	r3, #0
 23459 0058 FB60     		str	r3, [r7, #12]
 23460 005a 0EE0     		b	.L4
 23461              	.L5:
  79:../STM32F2xx_StdPeriph_Driver/src/stm32f2xx_crc.c ****   {
  80:../STM32F2xx_StdPeriph_Driver/src/stm32f2xx_crc.c ****     CRC->DR = pBuffer[index];
 23462              		.loc 1 80 0 discriminator 2
 23463 005c 4FF44053 		mov	r3, #12288
 23464 0060 C4F20203 		movt	r3, 16386
 23465 0064 FA68     		ldr	r2, [r7, #12]
 23466 0066 4FEA8202 		lsl	r2, r2, #2
 23467 006a 7968     		ldr	r1, [r7, #4]
 23468 006c 0A44     		add	r2, r1, r2
 23469 006e 1268     		ldr	r2, [r2, #0]
 23470 0070 1A60     		str	r2, [r3, #0]
  78:../STM32F2xx_StdPeriph_Driver/src/stm32f2xx_crc.c ****   for(index = 0; index < BufferLength; index++)
 23471              		.loc 1 78 0 discriminator 2
 23472 0072 FB68     		ldr	r3, [r7, #12]
 23473 0074 03F10103 		add	r3, r3, #1
 23474 0078 FB60     		str	r3, [r7, #12]
 23475              	.L4:
  78:../STM32F2xx_StdPeriph_Driver/src/stm32f2xx_crc.c ****   for(index = 0; index < BufferLength; index++)
 23476              		.loc 1 78 0 is_stmt 0 discriminator 1
 23477 007a FA68     		ldr	r2, [r7, #12]
 23478 007c 3B68     		ldr	r3, [r7, #0]
 23479 007e 9A42     		cmp	r2, r3
 23480 0080 ECD3     		bcc	.L5
  81:../STM32F2xx_StdPeriph_Driver/src/stm32f2xx_crc.c ****   }
  82:../STM32F2xx_StdPeriph_Driver/src/stm32f2xx_crc.c ****   return (CRC->DR);
 23481              		.loc 1 82 0 is_stmt 1
 23482 0082 4FF44053 		mov	r3, #12288
 23483 0086 C4F20203 		movt	r3, 16386
 23484 008a 1B68     		ldr	r3, [r3, #0]
  83:../STM32F2xx_StdPeriph_Driver/src/stm32f2xx_crc.c **** }
 23485              		.loc 1 83 0
 23486 008c 1846     		mov	r0, r3
 23487 008e 07F11407 		add	r7, r7, #20
 23488 0092 BD46     		mov	sp, r7
 23489 0094 80BC     		pop	{r7}
 23490 0096 7047     		bx	lr
 23491              		.cfi_endproc
 23492              	.LFE31:
 23494              		.align	2
 23495              		.global	CRC_GetCRC
 23496              		.thumb
 23497              		.thumb_func
 23499              	CRC_GetCRC:
 23500              	.LFB32:
  84:../STM32F2xx_StdPeriph_Driver/src/stm32f2xx_crc.c **** 
  85:../STM32F2xx_StdPeriph_Driver/src/stm32f2xx_crc.c **** /**
  86:../STM32F2xx_StdPeriph_Driver/src/stm32f2xx_crc.c ****   * @brief  Returns the current CRC value.
  87:../STM32F2xx_StdPeriph_Driver/src/stm32f2xx_crc.c ****   * @param  None
  88:../STM32F2xx_StdPeriph_Driver/src/stm32f2xx_crc.c ****   * @retval 32-bit CRC
  89:../STM32F2xx_StdPeriph_Driver/src/stm32f2xx_crc.c ****   */
  90:../STM32F2xx_StdPeriph_Driver/src/stm32f2xx_crc.c **** uint32_t CRC_GetCRC(void)
  91:../STM32F2xx_StdPeriph_Driver/src/stm32f2xx_crc.c **** {
 23501              		.loc 1 91 0
 23502              		.cfi_startproc
 23503              		@ args = 0, pretend = 0, frame = 0
 23504              		@ frame_needed = 1, uses_anonymous_args = 0
 23505              		@ link register save eliminated.
 23506 0098 80B4     		push	{r7}
 23507              	.LCFI8:
 23508              		.cfi_def_cfa_offset 4
 23509 009a 00AF     		add	r7, sp, #0
 23510              		.cfi_offset 7, -4
 23511              	.LCFI9:
 23512              		.cfi_def_cfa_register 7
  92:../STM32F2xx_StdPeriph_Driver/src/stm32f2xx_crc.c ****   return (CRC->DR);
 23513              		.loc 1 92 0
 23514 009c 4FF44053 		mov	r3, #12288
 23515 00a0 C4F20203 		movt	r3, 16386
 23516 00a4 1B68     		ldr	r3, [r3, #0]
  93:../STM32F2xx_StdPeriph_Driver/src/stm32f2xx_crc.c **** }
 23517              		.loc 1 93 0
 23518 00a6 1846     		mov	r0, r3
 23519 00a8 BD46     		mov	sp, r7
 23520 00aa 80BC     		pop	{r7}
 23521 00ac 7047     		bx	lr
 23522              		.cfi_endproc
 23523              	.LFE32:
 23525 00ae 00BF     		.align	2
 23526              		.global	CRC_SetIDRegister
 23527              		.thumb
 23528              		.thumb_func
 23530              	CRC_SetIDRegister:
 23531              	.LFB33:
  94:../STM32F2xx_StdPeriph_Driver/src/stm32f2xx_crc.c **** 
  95:../STM32F2xx_StdPeriph_Driver/src/stm32f2xx_crc.c **** /**
  96:../STM32F2xx_StdPeriph_Driver/src/stm32f2xx_crc.c ****   * @brief  Stores a 8-bit data in the Independent Data(ID) register.
  97:../STM32F2xx_StdPeriph_Driver/src/stm32f2xx_crc.c ****   * @param  IDValue: 8-bit value to be stored in the ID register 					
  98:../STM32F2xx_StdPeriph_Driver/src/stm32f2xx_crc.c ****   * @retval None
  99:../STM32F2xx_StdPeriph_Driver/src/stm32f2xx_crc.c ****   */
 100:../STM32F2xx_StdPeriph_Driver/src/stm32f2xx_crc.c **** void CRC_SetIDRegister(uint8_t IDValue)
 101:../STM32F2xx_StdPeriph_Driver/src/stm32f2xx_crc.c **** {
 23532              		.loc 1 101 0
 23533              		.cfi_startproc
 23534              		@ args = 0, pretend = 0, frame = 8
 23535              		@ frame_needed = 1, uses_anonymous_args = 0
 23536              		@ link register save eliminated.
 23537 00b0 80B4     		push	{r7}
 23538              	.LCFI10:
 23539              		.cfi_def_cfa_offset 4
 23540 00b2 83B0     		sub	sp, sp, #12
 23541              	.LCFI11:
 23542              		.cfi_def_cfa_offset 16
 23543 00b4 00AF     		add	r7, sp, #0
 23544              		.cfi_offset 7, -4
 23545              	.LCFI12:
 23546              		.cfi_def_cfa_register 7
 23547 00b6 0346     		mov	r3, r0
 23548 00b8 FB71     		strb	r3, [r7, #7]
 102:../STM32F2xx_StdPeriph_Driver/src/stm32f2xx_crc.c ****   CRC->IDR = IDValue;
 23549              		.loc 1 102 0
 23550 00ba 4FF44053 		mov	r3, #12288
 23551 00be C4F20203 		movt	r3, 16386
 23552 00c2 FA79     		ldrb	r2, [r7, #7]
 23553 00c4 1A71     		strb	r2, [r3, #4]
 103:../STM32F2xx_StdPeriph_Driver/src/stm32f2xx_crc.c **** }
 23554              		.loc 1 103 0
 23555 00c6 07F10C07 		add	r7, r7, #12
 23556 00ca BD46     		mov	sp, r7
 23557 00cc 80BC     		pop	{r7}
 23558 00ce 7047     		bx	lr
 23559              		.cfi_endproc
 23560              	.LFE33:
 23562              		.align	2
 23563              		.global	CRC_GetIDRegister
 23564              		.thumb
 23565              		.thumb_func
 23567              	CRC_GetIDRegister:
 23568              	.LFB34:
 104:../STM32F2xx_StdPeriph_Driver/src/stm32f2xx_crc.c **** 
 105:../STM32F2xx_StdPeriph_Driver/src/stm32f2xx_crc.c **** /**
 106:../STM32F2xx_StdPeriph_Driver/src/stm32f2xx_crc.c ****   * @brief  Returns the 8-bit data stored in the Independent Data(ID) register
 107:../STM32F2xx_StdPeriph_Driver/src/stm32f2xx_crc.c ****   * @param  None
 108:../STM32F2xx_StdPeriph_Driver/src/stm32f2xx_crc.c ****   * @retval 8-bit value of the ID register 
 109:../STM32F2xx_StdPeriph_Driver/src/stm32f2xx_crc.c ****   */
 110:../STM32F2xx_StdPeriph_Driver/src/stm32f2xx_crc.c **** uint8_t CRC_GetIDRegister(void)
 111:../STM32F2xx_StdPeriph_Driver/src/stm32f2xx_crc.c **** {
 23569              		.loc 1 111 0
 23570              		.cfi_startproc
 23571              		@ args = 0, pretend = 0, frame = 0
 23572              		@ frame_needed = 1, uses_anonymous_args = 0
 23573              		@ link register save eliminated.
 23574 00d0 80B4     		push	{r7}
 23575              	.LCFI13:
 23576              		.cfi_def_cfa_offset 4
 23577 00d2 00AF     		add	r7, sp, #0
 23578              		.cfi_offset 7, -4
 23579              	.LCFI14:
 23580              		.cfi_def_cfa_register 7
 112:../STM32F2xx_StdPeriph_Driver/src/stm32f2xx_crc.c ****   return (CRC->IDR);
 23581              		.loc 1 112 0
 23582 00d4 4FF44053 		mov	r3, #12288
 23583 00d8 C4F20203 		movt	r3, 16386
 23584 00dc 1B79     		ldrb	r3, [r3, #4]
 23585 00de DBB2     		uxtb	r3, r3
 113:../STM32F2xx_StdPeriph_Driver/src/stm32f2xx_crc.c **** }
 23586              		.loc 1 113 0
 23587 00e0 1846     		mov	r0, r3
 23588 00e2 BD46     		mov	sp, r7
 23589 00e4 80BC     		pop	{r7}
 23590 00e6 7047     		bx	lr
 23591              		.cfi_endproc
 23592              	.LFE34:
 23594              	.Letext0:
DEFINED SYMBOLS
                            *ABS*:00000000 stm32f2xx_crc.c
C:\Users\red4sch\AppData\Local\Temp\cceec2vt.s:23358  .text:00000000 $t
C:\Users\red4sch\AppData\Local\Temp\cceec2vt.s:23363  .text:00000000 CRC_ResetDR
C:\Users\red4sch\AppData\Local\Temp\cceec2vt.s:23394  .text:00000018 CRC_CalcCRC
C:\Users\red4sch\AppData\Local\Temp\cceec2vt.s:23435  .text:00000044 CRC_CalcBlockCRC
C:\Users\red4sch\AppData\Local\Temp\cceec2vt.s:23499  .text:00000098 CRC_GetCRC
C:\Users\red4sch\AppData\Local\Temp\cceec2vt.s:23530  .text:000000b0 CRC_SetIDRegister
C:\Users\red4sch\AppData\Local\Temp\cceec2vt.s:23567  .text:000000d0 CRC_GetIDRegister
                     .debug_frame:00000010 $d

NO UNDEFINED SYMBOLS
